<testsuites id="" name="" tests="468" failures="48" skipped="419" errors="0" time="412.79404999999997">
<testsuite name="activity.test.ts" timestamp="2025-11-24T18:22:49.400Z" hostname="chromium-desktop" tests="40" failures="40" skipped="0" time="956.4" errors="0">
<testcase name="Activity Tests › Activity Navigation and Setup › should navigate to activity from dashboard" classname="activity.test.ts" time="25.187">
<failure message="activity.test.ts:23:9 should navigate to activity from dashboard" type="FAILURE">
<![CDATA[  [chromium-desktop] › activity.test.ts:23:9 › Activity Tests › Activity Navigation and Setup › should navigate to activity from dashboard 

    TimeoutError: locator.waitFor: Timeout 5000ms exceeded.
    Call log:
      - waiting for locator('input[name="email"], input[type="email"]') to be visible


       at ..\helpers\test-utils.ts:29

      27 |   async waitForElement(selector: string, options?: { timeout?: number }): Promise<Locator> {
      28 |     const element = this.page.locator(selector);
    > 29 |     await element.waitFor({ state: 'visible', timeout: options?.timeout || 5000 });
         |                   ^
      30 |     return element;
      31 |   }
      32 |
        at TestUtils.waitForElement (C:\ADPorts\personal\play-learn-spark\e2e-tests\helpers\test-utils.ts:29:19)
        at TestUtils.safeFill (C:\ADPorts\personal\play-learn-spark\e2e-tests\helpers\test-utils.ts:56:32)
        at AuthPage.login (C:\ADPorts\personal\play-learn-spark\e2e-tests\pages\auth.page.ts:97:22)
        at C:\ADPorts\personal\play-learn-spark\e2e-tests\tests\activity.test.ts:19:20

    attachment #1: screenshot (image/png) ──────────────────────────────────────────────────────────
    ..\test-results\activity-Activity-Tests-Ac-ce46b--to-activity-from-dashboard-chromium-desktop\test-failed-1.png
    ────────────────────────────────────────────────────────────────────────────────────────────────

    attachment #2: video (video/webm) ──────────────────────────────────────────────────────────────
    ..\test-results\activity-Activity-Tests-Ac-ce46b--to-activity-from-dashboard-chromium-desktop\video.webm
    ────────────────────────────────────────────────────────────────────────────────────────────────

    Error Context: ..\test-results\activity-Activity-Tests-Ac-ce46b--to-activity-from-dashboard-chromium-desktop\error-context.md

    Retry #1 ───────────────────────────────────────────────────────────────────────────────────────

    TimeoutError: locator.waitFor: Timeout 5000ms exceeded.
    Call log:
      - waiting for locator('input[name="email"], input[type="email"]') to be visible


       at ..\helpers\test-utils.ts:29

      27 |   async waitForElement(selector: string, options?: { timeout?: number }): Promise<Locator> {
      28 |     const element = this.page.locator(selector);
    > 29 |     await element.waitFor({ state: 'visible', timeout: options?.timeout || 5000 });
         |                   ^
      30 |     return element;
      31 |   }
      32 |
        at TestUtils.waitForElement (C:\ADPorts\personal\play-learn-spark\e2e-tests\helpers\test-utils.ts:29:19)
        at TestUtils.safeFill (C:\ADPorts\personal\play-learn-spark\e2e-tests\helpers\test-utils.ts:56:32)
        at AuthPage.login (C:\ADPorts\personal\play-learn-spark\e2e-tests\pages\auth.page.ts:97:22)
        at C:\ADPorts\personal\play-learn-spark\e2e-tests\tests\activity.test.ts:19:20

    attachment #1: screenshot (image/png) ──────────────────────────────────────────────────────────
    ..\test-results\activity-Activity-Tests-Ac-ce46b--to-activity-from-dashboard-chromium-desktop-retry1\test-failed-1.png
    ────────────────────────────────────────────────────────────────────────────────────────────────

    attachment #2: video (video/webm) ──────────────────────────────────────────────────────────────
    ..\test-results\activity-Activity-Tests-Ac-ce46b--to-activity-from-dashboard-chromium-desktop-retry1\video.webm
    ────────────────────────────────────────────────────────────────────────────────────────────────

    Error Context: ..\test-results\activity-Activity-Tests-Ac-ce46b--to-activity-from-dashboard-chromium-desktop-retry1\error-context.md

    attachment #4: trace (application/zip) ─────────────────────────────────────────────────────────
    ..\test-results\activity-Activity-Tests-Ac-ce46b--to-activity-from-dashboard-chromium-desktop-retry1\trace.zip
    Usage:

        npx playwright show-trace ..\test-results\activity-Activity-Tests-Ac-ce46b--to-activity-from-dashboard-chromium-desktop-retry1\trace.zip

    ────────────────────────────────────────────────────────────────────────────────────────────────

    Retry #2 ───────────────────────────────────────────────────────────────────────────────────────

    TimeoutError: locator.waitFor: Timeout 5000ms exceeded.
    Call log:
      - waiting for locator('input[name="email"], input[type="email"]') to be visible


       at ..\helpers\test-utils.ts:29

      27 |   async waitForElement(selector: string, options?: { timeout?: number }): Promise<Locator> {
      28 |     const element = this.page.locator(selector);
    > 29 |     await element.waitFor({ state: 'visible', timeout: options?.timeout || 5000 });
         |                   ^
      30 |     return element;
      31 |   }
      32 |
        at TestUtils.waitForElement (C:\ADPorts\personal\play-learn-spark\e2e-tests\helpers\test-utils.ts:29:19)
        at TestUtils.safeFill (C:\ADPorts\personal\play-learn-spark\e2e-tests\helpers\test-utils.ts:56:32)
        at AuthPage.login (C:\ADPorts\personal\play-learn-spark\e2e-tests\pages\auth.page.ts:97:22)
        at C:\ADPorts\personal\play-learn-spark\e2e-tests\tests\activity.test.ts:19:20

    attachment #1: screenshot (image/png) ──────────────────────────────────────────────────────────
    ..\test-results\activity-Activity-Tests-Ac-ce46b--to-activity-from-dashboard-chromium-desktop-retry2\test-failed-1.png
    ────────────────────────────────────────────────────────────────────────────────────────────────

    attachment #2: video (video/webm) ──────────────────────────────────────────────────────────────
    ..\test-results\activity-Activity-Tests-Ac-ce46b--to-activity-from-dashboard-chromium-desktop-retry2\video.webm
    ────────────────────────────────────────────────────────────────────────────────────────────────

    Error Context: ..\test-results\activity-Activity-Tests-Ac-ce46b--to-activity-from-dashboard-chromium-desktop-retry2\error-context.md
]]>
</failure>
<system-out>
<![CDATA[
[[ATTACHMENT|..\test-results\activity-Activity-Tests-Ac-ce46b--to-activity-from-dashboard-chromium-desktop\test-failed-1.png]]

[[ATTACHMENT|..\test-results\activity-Activity-Tests-Ac-ce46b--to-activity-from-dashboard-chromium-desktop\video.webm]]

[[ATTACHMENT|..\test-results\activity-Activity-Tests-Ac-ce46b--to-activity-from-dashboard-chromium-desktop\error-context.md]]

[[ATTACHMENT|..\test-results\activity-Activity-Tests-Ac-ce46b--to-activity-from-dashboard-chromium-desktop-retry1\test-failed-1.png]]

[[ATTACHMENT|..\test-results\activity-Activity-Tests-Ac-ce46b--to-activity-from-dashboard-chromium-desktop-retry1\video.webm]]

[[ATTACHMENT|..\test-results\activity-Activity-Tests-Ac-ce46b--to-activity-from-dashboard-chromium-desktop-retry1\error-context.md]]

[[ATTACHMENT|..\test-results\activity-Activity-Tests-Ac-ce46b--to-activity-from-dashboard-chromium-desktop-retry1\trace.zip]]

[[ATTACHMENT|..\test-results\activity-Activity-Tests-Ac-ce46b--to-activity-from-dashboard-chromium-desktop-retry2\test-failed-1.png]]

[[ATTACHMENT|..\test-results\activity-Activity-Tests-Ac-ce46b--to-activity-from-dashboard-chromium-desktop-retry2\video.webm]]

[[ATTACHMENT|..\test-results\activity-Activity-Tests-Ac-ce46b--to-activity-from-dashboard-chromium-desktop-retry2\error-context.md]]
]]>
</system-out>
</testcase>
<testcase name="Activity Tests › Activity Navigation and Setup › should display activity information correctly" classname="activity.test.ts" time="25.802">
<failure message="activity.test.ts:34:9 should display activity information correctly" type="FAILURE">
<![CDATA[  [chromium-desktop] › activity.test.ts:34:9 › Activity Tests › Activity Navigation and Setup › should display activity information correctly 

    TimeoutError: locator.waitFor: Timeout 5000ms exceeded.
    Call log:
      - waiting for locator('input[name="email"], input[type="email"]') to be visible


       at ..\helpers\test-utils.ts:29

      27 |   async waitForElement(selector: string, options?: { timeout?: number }): Promise<Locator> {
      28 |     const element = this.page.locator(selector);
    > 29 |     await element.waitFor({ state: 'visible', timeout: options?.timeout || 5000 });
         |                   ^
      30 |     return element;
      31 |   }
      32 |
        at TestUtils.waitForElement (C:\ADPorts\personal\play-learn-spark\e2e-tests\helpers\test-utils.ts:29:19)
        at TestUtils.safeFill (C:\ADPorts\personal\play-learn-spark\e2e-tests\helpers\test-utils.ts:56:32)
        at AuthPage.login (C:\ADPorts\personal\play-learn-spark\e2e-tests\pages\auth.page.ts:97:22)
        at C:\ADPorts\personal\play-learn-spark\e2e-tests\tests\activity.test.ts:19:20

    attachment #1: screenshot (image/png) ──────────────────────────────────────────────────────────
    ..\test-results\activity-Activity-Tests-Ac-db823-ivity-information-correctly-chromium-desktop\test-failed-1.png
    ────────────────────────────────────────────────────────────────────────────────────────────────

    attachment #2: video (video/webm) ──────────────────────────────────────────────────────────────
    ..\test-results\activity-Activity-Tests-Ac-db823-ivity-information-correctly-chromium-desktop\video.webm
    ────────────────────────────────────────────────────────────────────────────────────────────────

    Error Context: ..\test-results\activity-Activity-Tests-Ac-db823-ivity-information-correctly-chromium-desktop\error-context.md

    Retry #1 ───────────────────────────────────────────────────────────────────────────────────────

    TimeoutError: locator.waitFor: Timeout 5000ms exceeded.
    Call log:
      - waiting for locator('input[name="email"], input[type="email"]') to be visible


       at ..\helpers\test-utils.ts:29

      27 |   async waitForElement(selector: string, options?: { timeout?: number }): Promise<Locator> {
      28 |     const element = this.page.locator(selector);
    > 29 |     await element.waitFor({ state: 'visible', timeout: options?.timeout || 5000 });
         |                   ^
      30 |     return element;
      31 |   }
      32 |
        at TestUtils.waitForElement (C:\ADPorts\personal\play-learn-spark\e2e-tests\helpers\test-utils.ts:29:19)
        at TestUtils.safeFill (C:\ADPorts\personal\play-learn-spark\e2e-tests\helpers\test-utils.ts:56:32)
        at AuthPage.login (C:\ADPorts\personal\play-learn-spark\e2e-tests\pages\auth.page.ts:97:22)
        at C:\ADPorts\personal\play-learn-spark\e2e-tests\tests\activity.test.ts:19:20

    attachment #1: screenshot (image/png) ──────────────────────────────────────────────────────────
    ..\test-results\activity-Activity-Tests-Ac-db823-ivity-information-correctly-chromium-desktop-retry1\test-failed-1.png
    ────────────────────────────────────────────────────────────────────────────────────────────────

    attachment #2: video (video/webm) ──────────────────────────────────────────────────────────────
    ..\test-results\activity-Activity-Tests-Ac-db823-ivity-information-correctly-chromium-desktop-retry1\video.webm
    ────────────────────────────────────────────────────────────────────────────────────────────────

    Error Context: ..\test-results\activity-Activity-Tests-Ac-db823-ivity-information-correctly-chromium-desktop-retry1\error-context.md

    attachment #4: trace (application/zip) ─────────────────────────────────────────────────────────
    ..\test-results\activity-Activity-Tests-Ac-db823-ivity-information-correctly-chromium-desktop-retry1\trace.zip
    Usage:

        npx playwright show-trace ..\test-results\activity-Activity-Tests-Ac-db823-ivity-information-correctly-chromium-desktop-retry1\trace.zip

    ────────────────────────────────────────────────────────────────────────────────────────────────

    Retry #2 ───────────────────────────────────────────────────────────────────────────────────────

    TimeoutError: locator.waitFor: Timeout 5000ms exceeded.
    Call log:
      - waiting for locator('input[name="email"], input[type="email"]') to be visible


       at ..\helpers\test-utils.ts:29

      27 |   async waitForElement(selector: string, options?: { timeout?: number }): Promise<Locator> {
      28 |     const element = this.page.locator(selector);
    > 29 |     await element.waitFor({ state: 'visible', timeout: options?.timeout || 5000 });
         |                   ^
      30 |     return element;
      31 |   }
      32 |
        at TestUtils.waitForElement (C:\ADPorts\personal\play-learn-spark\e2e-tests\helpers\test-utils.ts:29:19)
        at TestUtils.safeFill (C:\ADPorts\personal\play-learn-spark\e2e-tests\helpers\test-utils.ts:56:32)
        at AuthPage.login (C:\ADPorts\personal\play-learn-spark\e2e-tests\pages\auth.page.ts:97:22)
        at C:\ADPorts\personal\play-learn-spark\e2e-tests\tests\activity.test.ts:19:20

    attachment #1: screenshot (image/png) ──────────────────────────────────────────────────────────
    ..\test-results\activity-Activity-Tests-Ac-db823-ivity-information-correctly-chromium-desktop-retry2\test-failed-1.png
    ────────────────────────────────────────────────────────────────────────────────────────────────

    attachment #2: video (video/webm) ──────────────────────────────────────────────────────────────
    ..\test-results\activity-Activity-Tests-Ac-db823-ivity-information-correctly-chromium-desktop-retry2\video.webm
    ────────────────────────────────────────────────────────────────────────────────────────────────

    Error Context: ..\test-results\activity-Activity-Tests-Ac-db823-ivity-information-correctly-chromium-desktop-retry2\error-context.md
]]>
</failure>
<system-out>
<![CDATA[
[[ATTACHMENT|..\test-results\activity-Activity-Tests-Ac-db823-ivity-information-correctly-chromium-desktop\test-failed-1.png]]

[[ATTACHMENT|..\test-results\activity-Activity-Tests-Ac-db823-ivity-information-correctly-chromium-desktop\video.webm]]

[[ATTACHMENT|..\test-results\activity-Activity-Tests-Ac-db823-ivity-information-correctly-chromium-desktop\error-context.md]]

[[ATTACHMENT|..\test-results\activity-Activity-Tests-Ac-db823-ivity-information-correctly-chromium-desktop-retry1\test-failed-1.png]]

[[ATTACHMENT|..\test-results\activity-Activity-Tests-Ac-db823-ivity-information-correctly-chromium-desktop-retry1\video.webm]]

[[ATTACHMENT|..\test-results\activity-Activity-Tests-Ac-db823-ivity-information-correctly-chromium-desktop-retry1\error-context.md]]

[[ATTACHMENT|..\test-results\activity-Activity-Tests-Ac-db823-ivity-information-correctly-chromium-desktop-retry1\trace.zip]]

[[ATTACHMENT|..\test-results\activity-Activity-Tests-Ac-db823-ivity-information-correctly-chromium-desktop-retry2\test-failed-1.png]]

[[ATTACHMENT|..\test-results\activity-Activity-Tests-Ac-db823-ivity-information-correctly-chromium-desktop-retry2\video.webm]]

[[ATTACHMENT|..\test-results\activity-Activity-Tests-Ac-db823-ivity-information-correctly-chromium-desktop-retry2\error-context.md]]
]]>
</system-out>
</testcase>
<testcase name="Activity Tests › Activity Navigation and Setup › should show difficulty badge" classname="activity.test.ts" time="25.24">
<failure message="activity.test.ts:44:9 should show difficulty badge" type="FAILURE">
<![CDATA[  [chromium-desktop] › activity.test.ts:44:9 › Activity Tests › Activity Navigation and Setup › should show difficulty badge 

    TimeoutError: locator.waitFor: Timeout 5000ms exceeded.
    Call log:
      - waiting for locator('input[name="email"], input[type="email"]') to be visible


       at ..\helpers\test-utils.ts:29

      27 |   async waitForElement(selector: string, options?: { timeout?: number }): Promise<Locator> {
      28 |     const element = this.page.locator(selector);
    > 29 |     await element.waitFor({ state: 'visible', timeout: options?.timeout || 5000 });
         |                   ^
      30 |     return element;
      31 |   }
      32 |
        at TestUtils.waitForElement (C:\ADPorts\personal\play-learn-spark\e2e-tests\helpers\test-utils.ts:29:19)
        at TestUtils.safeFill (C:\ADPorts\personal\play-learn-spark\e2e-tests\helpers\test-utils.ts:56:32)
        at AuthPage.login (C:\ADPorts\personal\play-learn-spark\e2e-tests\pages\auth.page.ts:97:22)
        at C:\ADPorts\personal\play-learn-spark\e2e-tests\tests\activity.test.ts:19:20

    attachment #1: screenshot (image/png) ──────────────────────────────────────────────────────────
    ..\test-results\activity-Activity-Tests-Ac-9f1ba-hould-show-difficulty-badge-chromium-desktop\test-failed-1.png
    ────────────────────────────────────────────────────────────────────────────────────────────────

    attachment #2: video (video/webm) ──────────────────────────────────────────────────────────────
    ..\test-results\activity-Activity-Tests-Ac-9f1ba-hould-show-difficulty-badge-chromium-desktop\video.webm
    ────────────────────────────────────────────────────────────────────────────────────────────────

    Error Context: ..\test-results\activity-Activity-Tests-Ac-9f1ba-hould-show-difficulty-badge-chromium-desktop\error-context.md

    Retry #1 ───────────────────────────────────────────────────────────────────────────────────────

    TimeoutError: locator.waitFor: Timeout 5000ms exceeded.
    Call log:
      - waiting for locator('input[name="email"], input[type="email"]') to be visible


       at ..\helpers\test-utils.ts:29

      27 |   async waitForElement(selector: string, options?: { timeout?: number }): Promise<Locator> {
      28 |     const element = this.page.locator(selector);
    > 29 |     await element.waitFor({ state: 'visible', timeout: options?.timeout || 5000 });
         |                   ^
      30 |     return element;
      31 |   }
      32 |
        at TestUtils.waitForElement (C:\ADPorts\personal\play-learn-spark\e2e-tests\helpers\test-utils.ts:29:19)
        at TestUtils.safeFill (C:\ADPorts\personal\play-learn-spark\e2e-tests\helpers\test-utils.ts:56:32)
        at AuthPage.login (C:\ADPorts\personal\play-learn-spark\e2e-tests\pages\auth.page.ts:97:22)
        at C:\ADPorts\personal\play-learn-spark\e2e-tests\tests\activity.test.ts:19:20

    attachment #1: screenshot (image/png) ──────────────────────────────────────────────────────────
    ..\test-results\activity-Activity-Tests-Ac-9f1ba-hould-show-difficulty-badge-chromium-desktop-retry1\test-failed-1.png
    ────────────────────────────────────────────────────────────────────────────────────────────────

    attachment #2: video (video/webm) ──────────────────────────────────────────────────────────────
    ..\test-results\activity-Activity-Tests-Ac-9f1ba-hould-show-difficulty-badge-chromium-desktop-retry1\video.webm
    ────────────────────────────────────────────────────────────────────────────────────────────────

    Error Context: ..\test-results\activity-Activity-Tests-Ac-9f1ba-hould-show-difficulty-badge-chromium-desktop-retry1\error-context.md

    attachment #4: trace (application/zip) ─────────────────────────────────────────────────────────
    ..\test-results\activity-Activity-Tests-Ac-9f1ba-hould-show-difficulty-badge-chromium-desktop-retry1\trace.zip
    Usage:

        npx playwright show-trace ..\test-results\activity-Activity-Tests-Ac-9f1ba-hould-show-difficulty-badge-chromium-desktop-retry1\trace.zip

    ────────────────────────────────────────────────────────────────────────────────────────────────

    Retry #2 ───────────────────────────────────────────────────────────────────────────────────────

    TimeoutError: locator.waitFor: Timeout 5000ms exceeded.
    Call log:
      - waiting for locator('input[name="email"], input[type="email"]') to be visible


       at ..\helpers\test-utils.ts:29

      27 |   async waitForElement(selector: string, options?: { timeout?: number }): Promise<Locator> {
      28 |     const element = this.page.locator(selector);
    > 29 |     await element.waitFor({ state: 'visible', timeout: options?.timeout || 5000 });
         |                   ^
      30 |     return element;
      31 |   }
      32 |
        at TestUtils.waitForElement (C:\ADPorts\personal\play-learn-spark\e2e-tests\helpers\test-utils.ts:29:19)
        at TestUtils.safeFill (C:\ADPorts\personal\play-learn-spark\e2e-tests\helpers\test-utils.ts:56:32)
        at AuthPage.login (C:\ADPorts\personal\play-learn-spark\e2e-tests\pages\auth.page.ts:97:22)
        at C:\ADPorts\personal\play-learn-spark\e2e-tests\tests\activity.test.ts:19:20

    attachment #1: screenshot (image/png) ──────────────────────────────────────────────────────────
    ..\test-results\activity-Activity-Tests-Ac-9f1ba-hould-show-difficulty-badge-chromium-desktop-retry2\test-failed-1.png
    ────────────────────────────────────────────────────────────────────────────────────────────────

    attachment #2: video (video/webm) ──────────────────────────────────────────────────────────────
    ..\test-results\activity-Activity-Tests-Ac-9f1ba-hould-show-difficulty-badge-chromium-desktop-retry2\video.webm
    ────────────────────────────────────────────────────────────────────────────────────────────────

    Error Context: ..\test-results\activity-Activity-Tests-Ac-9f1ba-hould-show-difficulty-badge-chromium-desktop-retry2\error-context.md
]]>
</failure>
<system-out>
<![CDATA[
[[ATTACHMENT|..\test-results\activity-Activity-Tests-Ac-9f1ba-hould-show-difficulty-badge-chromium-desktop\test-failed-1.png]]

[[ATTACHMENT|..\test-results\activity-Activity-Tests-Ac-9f1ba-hould-show-difficulty-badge-chromium-desktop\video.webm]]

[[ATTACHMENT|..\test-results\activity-Activity-Tests-Ac-9f1ba-hould-show-difficulty-badge-chromium-desktop\error-context.md]]

[[ATTACHMENT|..\test-results\activity-Activity-Tests-Ac-9f1ba-hould-show-difficulty-badge-chromium-desktop-retry1\test-failed-1.png]]

[[ATTACHMENT|..\test-results\activity-Activity-Tests-Ac-9f1ba-hould-show-difficulty-badge-chromium-desktop-retry1\video.webm]]

[[ATTACHMENT|..\test-results\activity-Activity-Tests-Ac-9f1ba-hould-show-difficulty-badge-chromium-desktop-retry1\error-context.md]]

[[ATTACHMENT|..\test-results\activity-Activity-Tests-Ac-9f1ba-hould-show-difficulty-badge-chromium-desktop-retry1\trace.zip]]

[[ATTACHMENT|..\test-results\activity-Activity-Tests-Ac-9f1ba-hould-show-difficulty-badge-chromium-desktop-retry2\test-failed-1.png]]

[[ATTACHMENT|..\test-results\activity-Activity-Tests-Ac-9f1ba-hould-show-difficulty-badge-chromium-desktop-retry2\video.webm]]

[[ATTACHMENT|..\test-results\activity-Activity-Tests-Ac-9f1ba-hould-show-difficulty-badge-chromium-desktop-retry2\error-context.md]]
]]>
</system-out>
</testcase>
<testcase name="Activity Tests › Activity Navigation and Setup › should display progress bar" classname="activity.test.ts" time="23.808">
<failure message="activity.test.ts:54:9 should display progress bar" type="FAILURE">
<![CDATA[  [chromium-desktop] › activity.test.ts:54:9 › Activity Tests › Activity Navigation and Setup › should display progress bar 

    TimeoutError: locator.waitFor: Timeout 5000ms exceeded.
    Call log:
      - waiting for locator('input[name="email"], input[type="email"]') to be visible


       at ..\helpers\test-utils.ts:29

      27 |   async waitForElement(selector: string, options?: { timeout?: number }): Promise<Locator> {
      28 |     const element = this.page.locator(selector);
    > 29 |     await element.waitFor({ state: 'visible', timeout: options?.timeout || 5000 });
         |                   ^
      30 |     return element;
      31 |   }
      32 |
        at TestUtils.waitForElement (C:\ADPorts\personal\play-learn-spark\e2e-tests\helpers\test-utils.ts:29:19)
        at TestUtils.safeFill (C:\ADPorts\personal\play-learn-spark\e2e-tests\helpers\test-utils.ts:56:32)
        at AuthPage.login (C:\ADPorts\personal\play-learn-spark\e2e-tests\pages\auth.page.ts:97:22)
        at C:\ADPorts\personal\play-learn-spark\e2e-tests\tests\activity.test.ts:19:20

    attachment #1: screenshot (image/png) ──────────────────────────────────────────────────────────
    ..\test-results\activity-Activity-Tests-Ac-616f0-should-display-progress-bar-chromium-desktop\test-failed-1.png
    ────────────────────────────────────────────────────────────────────────────────────────────────

    attachment #2: video (video/webm) ──────────────────────────────────────────────────────────────
    ..\test-results\activity-Activity-Tests-Ac-616f0-should-display-progress-bar-chromium-desktop\video.webm
    ────────────────────────────────────────────────────────────────────────────────────────────────

    Error Context: ..\test-results\activity-Activity-Tests-Ac-616f0-should-display-progress-bar-chromium-desktop\error-context.md

    Retry #1 ───────────────────────────────────────────────────────────────────────────────────────

    TimeoutError: locator.waitFor: Timeout 5000ms exceeded.
    Call log:
      - waiting for locator('input[name="email"], input[type="email"]') to be visible


       at ..\helpers\test-utils.ts:29

      27 |   async waitForElement(selector: string, options?: { timeout?: number }): Promise<Locator> {
      28 |     const element = this.page.locator(selector);
    > 29 |     await element.waitFor({ state: 'visible', timeout: options?.timeout || 5000 });
         |                   ^
      30 |     return element;
      31 |   }
      32 |
        at TestUtils.waitForElement (C:\ADPorts\personal\play-learn-spark\e2e-tests\helpers\test-utils.ts:29:19)
        at TestUtils.safeFill (C:\ADPorts\personal\play-learn-spark\e2e-tests\helpers\test-utils.ts:56:32)
        at AuthPage.login (C:\ADPorts\personal\play-learn-spark\e2e-tests\pages\auth.page.ts:97:22)
        at C:\ADPorts\personal\play-learn-spark\e2e-tests\tests\activity.test.ts:19:20

    attachment #1: screenshot (image/png) ──────────────────────────────────────────────────────────
    ..\test-results\activity-Activity-Tests-Ac-616f0-should-display-progress-bar-chromium-desktop-retry1\test-failed-1.png
    ────────────────────────────────────────────────────────────────────────────────────────────────

    attachment #2: video (video/webm) ──────────────────────────────────────────────────────────────
    ..\test-results\activity-Activity-Tests-Ac-616f0-should-display-progress-bar-chromium-desktop-retry1\video.webm
    ────────────────────────────────────────────────────────────────────────────────────────────────

    Error Context: ..\test-results\activity-Activity-Tests-Ac-616f0-should-display-progress-bar-chromium-desktop-retry1\error-context.md

    attachment #4: trace (application/zip) ─────────────────────────────────────────────────────────
    ..\test-results\activity-Activity-Tests-Ac-616f0-should-display-progress-bar-chromium-desktop-retry1\trace.zip
    Usage:

        npx playwright show-trace ..\test-results\activity-Activity-Tests-Ac-616f0-should-display-progress-bar-chromium-desktop-retry1\trace.zip

    ────────────────────────────────────────────────────────────────────────────────────────────────

    Retry #2 ───────────────────────────────────────────────────────────────────────────────────────

    TimeoutError: locator.waitFor: Timeout 5000ms exceeded.
    Call log:
      - waiting for locator('input[name="email"], input[type="email"]') to be visible


       at ..\helpers\test-utils.ts:29

      27 |   async waitForElement(selector: string, options?: { timeout?: number }): Promise<Locator> {
      28 |     const element = this.page.locator(selector);
    > 29 |     await element.waitFor({ state: 'visible', timeout: options?.timeout || 5000 });
         |                   ^
      30 |     return element;
      31 |   }
      32 |
        at TestUtils.waitForElement (C:\ADPorts\personal\play-learn-spark\e2e-tests\helpers\test-utils.ts:29:19)
        at TestUtils.safeFill (C:\ADPorts\personal\play-learn-spark\e2e-tests\helpers\test-utils.ts:56:32)
        at AuthPage.login (C:\ADPorts\personal\play-learn-spark\e2e-tests\pages\auth.page.ts:97:22)
        at C:\ADPorts\personal\play-learn-spark\e2e-tests\tests\activity.test.ts:19:20

    attachment #1: screenshot (image/png) ──────────────────────────────────────────────────────────
    ..\test-results\activity-Activity-Tests-Ac-616f0-should-display-progress-bar-chromium-desktop-retry2\test-failed-1.png
    ────────────────────────────────────────────────────────────────────────────────────────────────

    attachment #2: video (video/webm) ──────────────────────────────────────────────────────────────
    ..\test-results\activity-Activity-Tests-Ac-616f0-should-display-progress-bar-chromium-desktop-retry2\video.webm
    ────────────────────────────────────────────────────────────────────────────────────────────────

    Error Context: ..\test-results\activity-Activity-Tests-Ac-616f0-should-display-progress-bar-chromium-desktop-retry2\error-context.md
]]>
</failure>
<system-out>
<![CDATA[
[[ATTACHMENT|..\test-results\activity-Activity-Tests-Ac-616f0-should-display-progress-bar-chromium-desktop\test-failed-1.png]]

[[ATTACHMENT|..\test-results\activity-Activity-Tests-Ac-616f0-should-display-progress-bar-chromium-desktop\video.webm]]

[[ATTACHMENT|..\test-results\activity-Activity-Tests-Ac-616f0-should-display-progress-bar-chromium-desktop\error-context.md]]

[[ATTACHMENT|..\test-results\activity-Activity-Tests-Ac-616f0-should-display-progress-bar-chromium-desktop-retry1\test-failed-1.png]]

[[ATTACHMENT|..\test-results\activity-Activity-Tests-Ac-616f0-should-display-progress-bar-chromium-desktop-retry1\video.webm]]

[[ATTACHMENT|..\test-results\activity-Activity-Tests-Ac-616f0-should-display-progress-bar-chromium-desktop-retry1\error-context.md]]

[[ATTACHMENT|..\test-results\activity-Activity-Tests-Ac-616f0-should-display-progress-bar-chromium-desktop-retry1\trace.zip]]

[[ATTACHMENT|..\test-results\activity-Activity-Tests-Ac-616f0-should-display-progress-bar-chromium-desktop-retry2\test-failed-1.png]]

[[ATTACHMENT|..\test-results\activity-Activity-Tests-Ac-616f0-should-display-progress-bar-chromium-desktop-retry2\video.webm]]

[[ATTACHMENT|..\test-results\activity-Activity-Tests-Ac-616f0-should-display-progress-bar-chromium-desktop-retry2\error-context.md]]
]]>
</system-out>
</testcase>
<testcase name="Activity Tests › Activity Start and Controls › should start activity successfully" classname="activity.test.ts" time="22.235">
<failure message="activity.test.ts:66:9 should start activity successfully" type="FAILURE">
<![CDATA[  [chromium-desktop] › activity.test.ts:66:9 › Activity Tests › Activity Start and Controls › should start activity successfully 

    TimeoutError: locator.waitFor: Timeout 5000ms exceeded.
    Call log:
      - waiting for locator('input[name="email"], input[type="email"]') to be visible


       at ..\helpers\test-utils.ts:29

      27 |   async waitForElement(selector: string, options?: { timeout?: number }): Promise<Locator> {
      28 |     const element = this.page.locator(selector);
    > 29 |     await element.waitFor({ state: 'visible', timeout: options?.timeout || 5000 });
         |                   ^
      30 |     return element;
      31 |   }
      32 |
        at TestUtils.waitForElement (C:\ADPorts\personal\play-learn-spark\e2e-tests\helpers\test-utils.ts:29:19)
        at TestUtils.safeFill (C:\ADPorts\personal\play-learn-spark\e2e-tests\helpers\test-utils.ts:56:32)
        at AuthPage.login (C:\ADPorts\personal\play-learn-spark\e2e-tests\pages\auth.page.ts:97:22)
        at C:\ADPorts\personal\play-learn-spark\e2e-tests\tests\activity.test.ts:19:20

    attachment #1: screenshot (image/png) ──────────────────────────────────────────────────────────
    ..\test-results\activity-Activity-Tests-Ac-33d24-start-activity-successfully-chromium-desktop\test-failed-1.png
    ────────────────────────────────────────────────────────────────────────────────────────────────

    attachment #2: video (video/webm) ──────────────────────────────────────────────────────────────
    ..\test-results\activity-Activity-Tests-Ac-33d24-start-activity-successfully-chromium-desktop\video.webm
    ────────────────────────────────────────────────────────────────────────────────────────────────

    Error Context: ..\test-results\activity-Activity-Tests-Ac-33d24-start-activity-successfully-chromium-desktop\error-context.md

    Retry #1 ───────────────────────────────────────────────────────────────────────────────────────

    TimeoutError: locator.waitFor: Timeout 5000ms exceeded.
    Call log:
      - waiting for locator('input[name="email"], input[type="email"]') to be visible


       at ..\helpers\test-utils.ts:29

      27 |   async waitForElement(selector: string, options?: { timeout?: number }): Promise<Locator> {
      28 |     const element = this.page.locator(selector);
    > 29 |     await element.waitFor({ state: 'visible', timeout: options?.timeout || 5000 });
         |                   ^
      30 |     return element;
      31 |   }
      32 |
        at TestUtils.waitForElement (C:\ADPorts\personal\play-learn-spark\e2e-tests\helpers\test-utils.ts:29:19)
        at TestUtils.safeFill (C:\ADPorts\personal\play-learn-spark\e2e-tests\helpers\test-utils.ts:56:32)
        at AuthPage.login (C:\ADPorts\personal\play-learn-spark\e2e-tests\pages\auth.page.ts:97:22)
        at C:\ADPorts\personal\play-learn-spark\e2e-tests\tests\activity.test.ts:19:20

    attachment #1: screenshot (image/png) ──────────────────────────────────────────────────────────
    ..\test-results\activity-Activity-Tests-Ac-33d24-start-activity-successfully-chromium-desktop-retry1\test-failed-1.png
    ────────────────────────────────────────────────────────────────────────────────────────────────

    attachment #2: video (video/webm) ──────────────────────────────────────────────────────────────
    ..\test-results\activity-Activity-Tests-Ac-33d24-start-activity-successfully-chromium-desktop-retry1\video.webm
    ────────────────────────────────────────────────────────────────────────────────────────────────

    Error Context: ..\test-results\activity-Activity-Tests-Ac-33d24-start-activity-successfully-chromium-desktop-retry1\error-context.md

    attachment #4: trace (application/zip) ─────────────────────────────────────────────────────────
    ..\test-results\activity-Activity-Tests-Ac-33d24-start-activity-successfully-chromium-desktop-retry1\trace.zip
    Usage:

        npx playwright show-trace ..\test-results\activity-Activity-Tests-Ac-33d24-start-activity-successfully-chromium-desktop-retry1\trace.zip

    ────────────────────────────────────────────────────────────────────────────────────────────────

    Retry #2 ───────────────────────────────────────────────────────────────────────────────────────

    TimeoutError: locator.waitFor: Timeout 5000ms exceeded.
    Call log:
      - waiting for locator('input[name="email"], input[type="email"]') to be visible


       at ..\helpers\test-utils.ts:29

      27 |   async waitForElement(selector: string, options?: { timeout?: number }): Promise<Locator> {
      28 |     const element = this.page.locator(selector);
    > 29 |     await element.waitFor({ state: 'visible', timeout: options?.timeout || 5000 });
         |                   ^
      30 |     return element;
      31 |   }
      32 |
        at TestUtils.waitForElement (C:\ADPorts\personal\play-learn-spark\e2e-tests\helpers\test-utils.ts:29:19)
        at TestUtils.safeFill (C:\ADPorts\personal\play-learn-spark\e2e-tests\helpers\test-utils.ts:56:32)
        at AuthPage.login (C:\ADPorts\personal\play-learn-spark\e2e-tests\pages\auth.page.ts:97:22)
        at C:\ADPorts\personal\play-learn-spark\e2e-tests\tests\activity.test.ts:19:20

    attachment #1: screenshot (image/png) ──────────────────────────────────────────────────────────
    ..\test-results\activity-Activity-Tests-Ac-33d24-start-activity-successfully-chromium-desktop-retry2\test-failed-1.png
    ────────────────────────────────────────────────────────────────────────────────────────────────

    attachment #2: video (video/webm) ──────────────────────────────────────────────────────────────
    ..\test-results\activity-Activity-Tests-Ac-33d24-start-activity-successfully-chromium-desktop-retry2\video.webm
    ────────────────────────────────────────────────────────────────────────────────────────────────

    Error Context: ..\test-results\activity-Activity-Tests-Ac-33d24-start-activity-successfully-chromium-desktop-retry2\error-context.md
]]>
</failure>
<system-out>
<![CDATA[
[[ATTACHMENT|..\test-results\activity-Activity-Tests-Ac-33d24-start-activity-successfully-chromium-desktop\test-failed-1.png]]

[[ATTACHMENT|..\test-results\activity-Activity-Tests-Ac-33d24-start-activity-successfully-chromium-desktop\video.webm]]

[[ATTACHMENT|..\test-results\activity-Activity-Tests-Ac-33d24-start-activity-successfully-chromium-desktop\error-context.md]]

[[ATTACHMENT|..\test-results\activity-Activity-Tests-Ac-33d24-start-activity-successfully-chromium-desktop-retry1\test-failed-1.png]]

[[ATTACHMENT|..\test-results\activity-Activity-Tests-Ac-33d24-start-activity-successfully-chromium-desktop-retry1\video.webm]]

[[ATTACHMENT|..\test-results\activity-Activity-Tests-Ac-33d24-start-activity-successfully-chromium-desktop-retry1\error-context.md]]

[[ATTACHMENT|..\test-results\activity-Activity-Tests-Ac-33d24-start-activity-successfully-chromium-desktop-retry1\trace.zip]]

[[ATTACHMENT|..\test-results\activity-Activity-Tests-Ac-33d24-start-activity-successfully-chromium-desktop-retry2\test-failed-1.png]]

[[ATTACHMENT|..\test-results\activity-Activity-Tests-Ac-33d24-start-activity-successfully-chromium-desktop-retry2\video.webm]]

[[ATTACHMENT|..\test-results\activity-Activity-Tests-Ac-33d24-start-activity-successfully-chromium-desktop-retry2\error-context.md]]
]]>
</system-out>
</testcase>
<testcase name="Activity Tests › Activity Start and Controls › should pause and resume activity" classname="activity.test.ts" time="23.788">
<failure message="activity.test.ts:74:9 should pause and resume activity" type="FAILURE">
<![CDATA[  [chromium-desktop] › activity.test.ts:74:9 › Activity Tests › Activity Start and Controls › should pause and resume activity 

    TimeoutError: locator.waitFor: Timeout 5000ms exceeded.
    Call log:
      - waiting for locator('input[name="email"], input[type="email"]') to be visible


       at ..\helpers\test-utils.ts:29

      27 |   async waitForElement(selector: string, options?: { timeout?: number }): Promise<Locator> {
      28 |     const element = this.page.locator(selector);
    > 29 |     await element.waitFor({ state: 'visible', timeout: options?.timeout || 5000 });
         |                   ^
      30 |     return element;
      31 |   }
      32 |
        at TestUtils.waitForElement (C:\ADPorts\personal\play-learn-spark\e2e-tests\helpers\test-utils.ts:29:19)
        at TestUtils.safeFill (C:\ADPorts\personal\play-learn-spark\e2e-tests\helpers\test-utils.ts:56:32)
        at AuthPage.login (C:\ADPorts\personal\play-learn-spark\e2e-tests\pages\auth.page.ts:97:22)
        at C:\ADPorts\personal\play-learn-spark\e2e-tests\tests\activity.test.ts:19:20

    attachment #1: screenshot (image/png) ──────────────────────────────────────────────────────────
    ..\test-results\activity-Activity-Tests-Ac-07396-d-pause-and-resume-activity-chromium-desktop\test-failed-1.png
    ────────────────────────────────────────────────────────────────────────────────────────────────

    attachment #2: video (video/webm) ──────────────────────────────────────────────────────────────
    ..\test-results\activity-Activity-Tests-Ac-07396-d-pause-and-resume-activity-chromium-desktop\video.webm
    ────────────────────────────────────────────────────────────────────────────────────────────────

    Error Context: ..\test-results\activity-Activity-Tests-Ac-07396-d-pause-and-resume-activity-chromium-desktop\error-context.md

    Retry #1 ───────────────────────────────────────────────────────────────────────────────────────

    TimeoutError: locator.waitFor: Timeout 5000ms exceeded.
    Call log:
      - waiting for locator('input[name="email"], input[type="email"]') to be visible


       at ..\helpers\test-utils.ts:29

      27 |   async waitForElement(selector: string, options?: { timeout?: number }): Promise<Locator> {
      28 |     const element = this.page.locator(selector);
    > 29 |     await element.waitFor({ state: 'visible', timeout: options?.timeout || 5000 });
         |                   ^
      30 |     return element;
      31 |   }
      32 |
        at TestUtils.waitForElement (C:\ADPorts\personal\play-learn-spark\e2e-tests\helpers\test-utils.ts:29:19)
        at TestUtils.safeFill (C:\ADPorts\personal\play-learn-spark\e2e-tests\helpers\test-utils.ts:56:32)
        at AuthPage.login (C:\ADPorts\personal\play-learn-spark\e2e-tests\pages\auth.page.ts:97:22)
        at C:\ADPorts\personal\play-learn-spark\e2e-tests\tests\activity.test.ts:19:20

    attachment #1: screenshot (image/png) ──────────────────────────────────────────────────────────
    ..\test-results\activity-Activity-Tests-Ac-07396-d-pause-and-resume-activity-chromium-desktop-retry1\test-failed-1.png
    ────────────────────────────────────────────────────────────────────────────────────────────────

    attachment #2: video (video/webm) ──────────────────────────────────────────────────────────────
    ..\test-results\activity-Activity-Tests-Ac-07396-d-pause-and-resume-activity-chromium-desktop-retry1\video.webm
    ────────────────────────────────────────────────────────────────────────────────────────────────

    Error Context: ..\test-results\activity-Activity-Tests-Ac-07396-d-pause-and-resume-activity-chromium-desktop-retry1\error-context.md

    attachment #4: trace (application/zip) ─────────────────────────────────────────────────────────
    ..\test-results\activity-Activity-Tests-Ac-07396-d-pause-and-resume-activity-chromium-desktop-retry1\trace.zip
    Usage:

        npx playwright show-trace ..\test-results\activity-Activity-Tests-Ac-07396-d-pause-and-resume-activity-chromium-desktop-retry1\trace.zip

    ────────────────────────────────────────────────────────────────────────────────────────────────

    Retry #2 ───────────────────────────────────────────────────────────────────────────────────────

    TimeoutError: locator.waitFor: Timeout 5000ms exceeded.
    Call log:
      - waiting for locator('input[name="email"], input[type="email"]') to be visible


       at ..\helpers\test-utils.ts:29

      27 |   async waitForElement(selector: string, options?: { timeout?: number }): Promise<Locator> {
      28 |     const element = this.page.locator(selector);
    > 29 |     await element.waitFor({ state: 'visible', timeout: options?.timeout || 5000 });
         |                   ^
      30 |     return element;
      31 |   }
      32 |
        at TestUtils.waitForElement (C:\ADPorts\personal\play-learn-spark\e2e-tests\helpers\test-utils.ts:29:19)
        at TestUtils.safeFill (C:\ADPorts\personal\play-learn-spark\e2e-tests\helpers\test-utils.ts:56:32)
        at AuthPage.login (C:\ADPorts\personal\play-learn-spark\e2e-tests\pages\auth.page.ts:97:22)
        at C:\ADPorts\personal\play-learn-spark\e2e-tests\tests\activity.test.ts:19:20

    attachment #1: screenshot (image/png) ──────────────────────────────────────────────────────────
    ..\test-results\activity-Activity-Tests-Ac-07396-d-pause-and-resume-activity-chromium-desktop-retry2\test-failed-1.png
    ────────────────────────────────────────────────────────────────────────────────────────────────

    attachment #2: video (video/webm) ──────────────────────────────────────────────────────────────
    ..\test-results\activity-Activity-Tests-Ac-07396-d-pause-and-resume-activity-chromium-desktop-retry2\video.webm
    ────────────────────────────────────────────────────────────────────────────────────────────────

    Error Context: ..\test-results\activity-Activity-Tests-Ac-07396-d-pause-and-resume-activity-chromium-desktop-retry2\error-context.md
]]>
</failure>
<system-out>
<![CDATA[
[[ATTACHMENT|..\test-results\activity-Activity-Tests-Ac-07396-d-pause-and-resume-activity-chromium-desktop\test-failed-1.png]]

[[ATTACHMENT|..\test-results\activity-Activity-Tests-Ac-07396-d-pause-and-resume-activity-chromium-desktop\video.webm]]

[[ATTACHMENT|..\test-results\activity-Activity-Tests-Ac-07396-d-pause-and-resume-activity-chromium-desktop\error-context.md]]

[[ATTACHMENT|..\test-results\activity-Activity-Tests-Ac-07396-d-pause-and-resume-activity-chromium-desktop-retry1\test-failed-1.png]]

[[ATTACHMENT|..\test-results\activity-Activity-Tests-Ac-07396-d-pause-and-resume-activity-chromium-desktop-retry1\video.webm]]

[[ATTACHMENT|..\test-results\activity-Activity-Tests-Ac-07396-d-pause-and-resume-activity-chromium-desktop-retry1\error-context.md]]

[[ATTACHMENT|..\test-results\activity-Activity-Tests-Ac-07396-d-pause-and-resume-activity-chromium-desktop-retry1\trace.zip]]

[[ATTACHMENT|..\test-results\activity-Activity-Tests-Ac-07396-d-pause-and-resume-activity-chromium-desktop-retry2\test-failed-1.png]]

[[ATTACHMENT|..\test-results\activity-Activity-Tests-Ac-07396-d-pause-and-resume-activity-chromium-desktop-retry2\video.webm]]

[[ATTACHMENT|..\test-results\activity-Activity-Tests-Ac-07396-d-pause-and-resume-activity-chromium-desktop-retry2\error-context.md]]
]]>
</system-out>
</testcase>
<testcase name="Activity Tests › Activity Start and Controls › should exit activity and return to dashboard" classname="activity.test.ts" time="23.669">
<failure message="activity.test.ts:88:9 should exit activity and return to dashboard" type="FAILURE">
<![CDATA[  [chromium-desktop] › activity.test.ts:88:9 › Activity Tests › Activity Start and Controls › should exit activity and return to dashboard 

    TimeoutError: locator.waitFor: Timeout 5000ms exceeded.
    Call log:
      - waiting for locator('input[name="email"], input[type="email"]') to be visible


       at ..\helpers\test-utils.ts:29

      27 |   async waitForElement(selector: string, options?: { timeout?: number }): Promise<Locator> {
      28 |     const element = this.page.locator(selector);
    > 29 |     await element.waitFor({ state: 'visible', timeout: options?.timeout || 5000 });
         |                   ^
      30 |     return element;
      31 |   }
      32 |
        at TestUtils.waitForElement (C:\ADPorts\personal\play-learn-spark\e2e-tests\helpers\test-utils.ts:29:19)
        at TestUtils.safeFill (C:\ADPorts\personal\play-learn-spark\e2e-tests\helpers\test-utils.ts:56:32)
        at AuthPage.login (C:\ADPorts\personal\play-learn-spark\e2e-tests\pages\auth.page.ts:97:22)
        at C:\ADPorts\personal\play-learn-spark\e2e-tests\tests\activity.test.ts:19:20

    attachment #1: screenshot (image/png) ──────────────────────────────────────────────────────────
    ..\test-results\activity-Activity-Tests-Ac-aa62e-ity-and-return-to-dashboard-chromium-desktop\test-failed-1.png
    ────────────────────────────────────────────────────────────────────────────────────────────────

    attachment #2: video (video/webm) ──────────────────────────────────────────────────────────────
    ..\test-results\activity-Activity-Tests-Ac-aa62e-ity-and-return-to-dashboard-chromium-desktop\video.webm
    ────────────────────────────────────────────────────────────────────────────────────────────────

    Error Context: ..\test-results\activity-Activity-Tests-Ac-aa62e-ity-and-return-to-dashboard-chromium-desktop\error-context.md

    Retry #1 ───────────────────────────────────────────────────────────────────────────────────────

    TimeoutError: locator.waitFor: Timeout 5000ms exceeded.
    Call log:
      - waiting for locator('input[name="email"], input[type="email"]') to be visible


       at ..\helpers\test-utils.ts:29

      27 |   async waitForElement(selector: string, options?: { timeout?: number }): Promise<Locator> {
      28 |     const element = this.page.locator(selector);
    > 29 |     await element.waitFor({ state: 'visible', timeout: options?.timeout || 5000 });
         |                   ^
      30 |     return element;
      31 |   }
      32 |
        at TestUtils.waitForElement (C:\ADPorts\personal\play-learn-spark\e2e-tests\helpers\test-utils.ts:29:19)
        at TestUtils.safeFill (C:\ADPorts\personal\play-learn-spark\e2e-tests\helpers\test-utils.ts:56:32)
        at AuthPage.login (C:\ADPorts\personal\play-learn-spark\e2e-tests\pages\auth.page.ts:97:22)
        at C:\ADPorts\personal\play-learn-spark\e2e-tests\tests\activity.test.ts:19:20

    attachment #1: screenshot (image/png) ──────────────────────────────────────────────────────────
    ..\test-results\activity-Activity-Tests-Ac-aa62e-ity-and-return-to-dashboard-chromium-desktop-retry1\test-failed-1.png
    ────────────────────────────────────────────────────────────────────────────────────────────────

    attachment #2: video (video/webm) ──────────────────────────────────────────────────────────────
    ..\test-results\activity-Activity-Tests-Ac-aa62e-ity-and-return-to-dashboard-chromium-desktop-retry1\video.webm
    ────────────────────────────────────────────────────────────────────────────────────────────────

    Error Context: ..\test-results\activity-Activity-Tests-Ac-aa62e-ity-and-return-to-dashboard-chromium-desktop-retry1\error-context.md

    attachment #4: trace (application/zip) ─────────────────────────────────────────────────────────
    ..\test-results\activity-Activity-Tests-Ac-aa62e-ity-and-return-to-dashboard-chromium-desktop-retry1\trace.zip
    Usage:

        npx playwright show-trace ..\test-results\activity-Activity-Tests-Ac-aa62e-ity-and-return-to-dashboard-chromium-desktop-retry1\trace.zip

    ────────────────────────────────────────────────────────────────────────────────────────────────

    Retry #2 ───────────────────────────────────────────────────────────────────────────────────────

    TimeoutError: locator.waitFor: Timeout 5000ms exceeded.
    Call log:
      - waiting for locator('input[name="email"], input[type="email"]') to be visible


       at ..\helpers\test-utils.ts:29

      27 |   async waitForElement(selector: string, options?: { timeout?: number }): Promise<Locator> {
      28 |     const element = this.page.locator(selector);
    > 29 |     await element.waitFor({ state: 'visible', timeout: options?.timeout || 5000 });
         |                   ^
      30 |     return element;
      31 |   }
      32 |
        at TestUtils.waitForElement (C:\ADPorts\personal\play-learn-spark\e2e-tests\helpers\test-utils.ts:29:19)
        at TestUtils.safeFill (C:\ADPorts\personal\play-learn-spark\e2e-tests\helpers\test-utils.ts:56:32)
        at AuthPage.login (C:\ADPorts\personal\play-learn-spark\e2e-tests\pages\auth.page.ts:97:22)
        at C:\ADPorts\personal\play-learn-spark\e2e-tests\tests\activity.test.ts:19:20

    attachment #1: screenshot (image/png) ──────────────────────────────────────────────────────────
    ..\test-results\activity-Activity-Tests-Ac-aa62e-ity-and-return-to-dashboard-chromium-desktop-retry2\test-failed-1.png
    ────────────────────────────────────────────────────────────────────────────────────────────────

    attachment #2: video (video/webm) ──────────────────────────────────────────────────────────────
    ..\test-results\activity-Activity-Tests-Ac-aa62e-ity-and-return-to-dashboard-chromium-desktop-retry2\video.webm
    ────────────────────────────────────────────────────────────────────────────────────────────────

    Error Context: ..\test-results\activity-Activity-Tests-Ac-aa62e-ity-and-return-to-dashboard-chromium-desktop-retry2\error-context.md
]]>
</failure>
<system-out>
<![CDATA[
[[ATTACHMENT|..\test-results\activity-Activity-Tests-Ac-aa62e-ity-and-return-to-dashboard-chromium-desktop\test-failed-1.png]]

[[ATTACHMENT|..\test-results\activity-Activity-Tests-Ac-aa62e-ity-and-return-to-dashboard-chromium-desktop\video.webm]]

[[ATTACHMENT|..\test-results\activity-Activity-Tests-Ac-aa62e-ity-and-return-to-dashboard-chromium-desktop\error-context.md]]

[[ATTACHMENT|..\test-results\activity-Activity-Tests-Ac-aa62e-ity-and-return-to-dashboard-chromium-desktop-retry1\test-failed-1.png]]

[[ATTACHMENT|..\test-results\activity-Activity-Tests-Ac-aa62e-ity-and-return-to-dashboard-chromium-desktop-retry1\video.webm]]

[[ATTACHMENT|..\test-results\activity-Activity-Tests-Ac-aa62e-ity-and-return-to-dashboard-chromium-desktop-retry1\error-context.md]]

[[ATTACHMENT|..\test-results\activity-Activity-Tests-Ac-aa62e-ity-and-return-to-dashboard-chromium-desktop-retry1\trace.zip]]

[[ATTACHMENT|..\test-results\activity-Activity-Tests-Ac-aa62e-ity-and-return-to-dashboard-chromium-desktop-retry2\test-failed-1.png]]

[[ATTACHMENT|..\test-results\activity-Activity-Tests-Ac-aa62e-ity-and-return-to-dashboard-chromium-desktop-retry2\video.webm]]

[[ATTACHMENT|..\test-results\activity-Activity-Tests-Ac-aa62e-ity-and-return-to-dashboard-chromium-desktop-retry2\error-context.md]]
]]>
</system-out>
</testcase>
<testcase name="Activity Tests › Activity Start and Controls › should handle exit confirmation dialog" classname="activity.test.ts" time="23.691">
<failure message="activity.test.ts:98:9 should handle exit confirmation dialog" type="FAILURE">
<![CDATA[  [chromium-desktop] › activity.test.ts:98:9 › Activity Tests › Activity Start and Controls › should handle exit confirmation dialog 

    TimeoutError: locator.waitFor: Timeout 5000ms exceeded.
    Call log:
      - waiting for locator('input[name="email"], input[type="email"]') to be visible


       at ..\helpers\test-utils.ts:29

      27 |   async waitForElement(selector: string, options?: { timeout?: number }): Promise<Locator> {
      28 |     const element = this.page.locator(selector);
    > 29 |     await element.waitFor({ state: 'visible', timeout: options?.timeout || 5000 });
         |                   ^
      30 |     return element;
      31 |   }
      32 |
        at TestUtils.waitForElement (C:\ADPorts\personal\play-learn-spark\e2e-tests\helpers\test-utils.ts:29:19)
        at TestUtils.safeFill (C:\ADPorts\personal\play-learn-spark\e2e-tests\helpers\test-utils.ts:56:32)
        at AuthPage.login (C:\ADPorts\personal\play-learn-spark\e2e-tests\pages\auth.page.ts:97:22)
        at C:\ADPorts\personal\play-learn-spark\e2e-tests\tests\activity.test.ts:19:20

    attachment #1: screenshot (image/png) ──────────────────────────────────────────────────────────
    ..\test-results\activity-Activity-Tests-Ac-1fe3c-le-exit-confirmation-dialog-chromium-desktop\test-failed-1.png
    ────────────────────────────────────────────────────────────────────────────────────────────────

    attachment #2: video (video/webm) ──────────────────────────────────────────────────────────────
    ..\test-results\activity-Activity-Tests-Ac-1fe3c-le-exit-confirmation-dialog-chromium-desktop\video.webm
    ────────────────────────────────────────────────────────────────────────────────────────────────

    Error Context: ..\test-results\activity-Activity-Tests-Ac-1fe3c-le-exit-confirmation-dialog-chromium-desktop\error-context.md

    Retry #1 ───────────────────────────────────────────────────────────────────────────────────────

    TimeoutError: locator.waitFor: Timeout 5000ms exceeded.
    Call log:
      - waiting for locator('input[name="email"], input[type="email"]') to be visible


       at ..\helpers\test-utils.ts:29

      27 |   async waitForElement(selector: string, options?: { timeout?: number }): Promise<Locator> {
      28 |     const element = this.page.locator(selector);
    > 29 |     await element.waitFor({ state: 'visible', timeout: options?.timeout || 5000 });
         |                   ^
      30 |     return element;
      31 |   }
      32 |
        at TestUtils.waitForElement (C:\ADPorts\personal\play-learn-spark\e2e-tests\helpers\test-utils.ts:29:19)
        at TestUtils.safeFill (C:\ADPorts\personal\play-learn-spark\e2e-tests\helpers\test-utils.ts:56:32)
        at AuthPage.login (C:\ADPorts\personal\play-learn-spark\e2e-tests\pages\auth.page.ts:97:22)
        at C:\ADPorts\personal\play-learn-spark\e2e-tests\tests\activity.test.ts:19:20

    attachment #1: screenshot (image/png) ──────────────────────────────────────────────────────────
    ..\test-results\activity-Activity-Tests-Ac-1fe3c-le-exit-confirmation-dialog-chromium-desktop-retry1\test-failed-1.png
    ────────────────────────────────────────────────────────────────────────────────────────────────

    attachment #2: video (video/webm) ──────────────────────────────────────────────────────────────
    ..\test-results\activity-Activity-Tests-Ac-1fe3c-le-exit-confirmation-dialog-chromium-desktop-retry1\video.webm
    ────────────────────────────────────────────────────────────────────────────────────────────────

    Error Context: ..\test-results\activity-Activity-Tests-Ac-1fe3c-le-exit-confirmation-dialog-chromium-desktop-retry1\error-context.md

    attachment #4: trace (application/zip) ─────────────────────────────────────────────────────────
    ..\test-results\activity-Activity-Tests-Ac-1fe3c-le-exit-confirmation-dialog-chromium-desktop-retry1\trace.zip
    Usage:

        npx playwright show-trace ..\test-results\activity-Activity-Tests-Ac-1fe3c-le-exit-confirmation-dialog-chromium-desktop-retry1\trace.zip

    ────────────────────────────────────────────────────────────────────────────────────────────────

    Retry #2 ───────────────────────────────────────────────────────────────────────────────────────

    TimeoutError: locator.waitFor: Timeout 5000ms exceeded.
    Call log:
      - waiting for locator('input[name="email"], input[type="email"]') to be visible


       at ..\helpers\test-utils.ts:29

      27 |   async waitForElement(selector: string, options?: { timeout?: number }): Promise<Locator> {
      28 |     const element = this.page.locator(selector);
    > 29 |     await element.waitFor({ state: 'visible', timeout: options?.timeout || 5000 });
         |                   ^
      30 |     return element;
      31 |   }
      32 |
        at TestUtils.waitForElement (C:\ADPorts\personal\play-learn-spark\e2e-tests\helpers\test-utils.ts:29:19)
        at TestUtils.safeFill (C:\ADPorts\personal\play-learn-spark\e2e-tests\helpers\test-utils.ts:56:32)
        at AuthPage.login (C:\ADPorts\personal\play-learn-spark\e2e-tests\pages\auth.page.ts:97:22)
        at C:\ADPorts\personal\play-learn-spark\e2e-tests\tests\activity.test.ts:19:20

    attachment #1: screenshot (image/png) ──────────────────────────────────────────────────────────
    ..\test-results\activity-Activity-Tests-Ac-1fe3c-le-exit-confirmation-dialog-chromium-desktop-retry2\test-failed-1.png
    ────────────────────────────────────────────────────────────────────────────────────────────────

    attachment #2: video (video/webm) ──────────────────────────────────────────────────────────────
    ..\test-results\activity-Activity-Tests-Ac-1fe3c-le-exit-confirmation-dialog-chromium-desktop-retry2\video.webm
    ────────────────────────────────────────────────────────────────────────────────────────────────

    Error Context: ..\test-results\activity-Activity-Tests-Ac-1fe3c-le-exit-confirmation-dialog-chromium-desktop-retry2\error-context.md
]]>
</failure>
<system-out>
<![CDATA[
[[ATTACHMENT|..\test-results\activity-Activity-Tests-Ac-1fe3c-le-exit-confirmation-dialog-chromium-desktop\test-failed-1.png]]

[[ATTACHMENT|..\test-results\activity-Activity-Tests-Ac-1fe3c-le-exit-confirmation-dialog-chromium-desktop\video.webm]]

[[ATTACHMENT|..\test-results\activity-Activity-Tests-Ac-1fe3c-le-exit-confirmation-dialog-chromium-desktop\error-context.md]]

[[ATTACHMENT|..\test-results\activity-Activity-Tests-Ac-1fe3c-le-exit-confirmation-dialog-chromium-desktop-retry1\test-failed-1.png]]

[[ATTACHMENT|..\test-results\activity-Activity-Tests-Ac-1fe3c-le-exit-confirmation-dialog-chromium-desktop-retry1\video.webm]]

[[ATTACHMENT|..\test-results\activity-Activity-Tests-Ac-1fe3c-le-exit-confirmation-dialog-chromium-desktop-retry1\error-context.md]]

[[ATTACHMENT|..\test-results\activity-Activity-Tests-Ac-1fe3c-le-exit-confirmation-dialog-chromium-desktop-retry1\trace.zip]]

[[ATTACHMENT|..\test-results\activity-Activity-Tests-Ac-1fe3c-le-exit-confirmation-dialog-chromium-desktop-retry2\test-failed-1.png]]

[[ATTACHMENT|..\test-results\activity-Activity-Tests-Ac-1fe3c-le-exit-confirmation-dialog-chromium-desktop-retry2\video.webm]]

[[ATTACHMENT|..\test-results\activity-Activity-Tests-Ac-1fe3c-le-exit-confirmation-dialog-chromium-desktop-retry2\error-context.md]]
]]>
</system-out>
</testcase>
<testcase name="Activity Tests › Question Answering › should answer multiple choice questions" classname="activity.test.ts" time="25.022">
<failure message="activity.test.ts:113:9 should answer multiple choice questions" type="FAILURE">
<![CDATA[  [chromium-desktop] › activity.test.ts:113:9 › Activity Tests › Question Answering › should answer multiple choice questions 

    TimeoutError: locator.waitFor: Timeout 5000ms exceeded.
    Call log:
      - waiting for locator('input[name="email"], input[type="email"]') to be visible


       at ..\helpers\test-utils.ts:29

      27 |   async waitForElement(selector: string, options?: { timeout?: number }): Promise<Locator> {
      28 |     const element = this.page.locator(selector);
    > 29 |     await element.waitFor({ state: 'visible', timeout: options?.timeout || 5000 });
         |                   ^
      30 |     return element;
      31 |   }
      32 |
        at TestUtils.waitForElement (C:\ADPorts\personal\play-learn-spark\e2e-tests\helpers\test-utils.ts:29:19)
        at TestUtils.safeFill (C:\ADPorts\personal\play-learn-spark\e2e-tests\helpers\test-utils.ts:56:32)
        at AuthPage.login (C:\ADPorts\personal\play-learn-spark\e2e-tests\pages\auth.page.ts:97:22)
        at C:\ADPorts\personal\play-learn-spark\e2e-tests\tests\activity.test.ts:19:20

    attachment #1: screenshot (image/png) ──────────────────────────────────────────────────────────
    ..\test-results\activity-Activity-Tests-Qu-1e0e4-r-multiple-choice-questions-chromium-desktop\test-failed-1.png
    ────────────────────────────────────────────────────────────────────────────────────────────────

    attachment #2: video (video/webm) ──────────────────────────────────────────────────────────────
    ..\test-results\activity-Activity-Tests-Qu-1e0e4-r-multiple-choice-questions-chromium-desktop\video.webm
    ────────────────────────────────────────────────────────────────────────────────────────────────

    Error Context: ..\test-results\activity-Activity-Tests-Qu-1e0e4-r-multiple-choice-questions-chromium-desktop\error-context.md

    Retry #1 ───────────────────────────────────────────────────────────────────────────────────────

    TimeoutError: locator.waitFor: Timeout 5000ms exceeded.
    Call log:
      - waiting for locator('input[name="email"], input[type="email"]') to be visible


       at ..\helpers\test-utils.ts:29

      27 |   async waitForElement(selector: string, options?: { timeout?: number }): Promise<Locator> {
      28 |     const element = this.page.locator(selector);
    > 29 |     await element.waitFor({ state: 'visible', timeout: options?.timeout || 5000 });
         |                   ^
      30 |     return element;
      31 |   }
      32 |
        at TestUtils.waitForElement (C:\ADPorts\personal\play-learn-spark\e2e-tests\helpers\test-utils.ts:29:19)
        at TestUtils.safeFill (C:\ADPorts\personal\play-learn-spark\e2e-tests\helpers\test-utils.ts:56:32)
        at AuthPage.login (C:\ADPorts\personal\play-learn-spark\e2e-tests\pages\auth.page.ts:97:22)
        at C:\ADPorts\personal\play-learn-spark\e2e-tests\tests\activity.test.ts:19:20

    attachment #1: screenshot (image/png) ──────────────────────────────────────────────────────────
    ..\test-results\activity-Activity-Tests-Qu-1e0e4-r-multiple-choice-questions-chromium-desktop-retry1\test-failed-1.png
    ────────────────────────────────────────────────────────────────────────────────────────────────

    attachment #2: video (video/webm) ──────────────────────────────────────────────────────────────
    ..\test-results\activity-Activity-Tests-Qu-1e0e4-r-multiple-choice-questions-chromium-desktop-retry1\video.webm
    ────────────────────────────────────────────────────────────────────────────────────────────────

    Error Context: ..\test-results\activity-Activity-Tests-Qu-1e0e4-r-multiple-choice-questions-chromium-desktop-retry1\error-context.md

    attachment #4: trace (application/zip) ─────────────────────────────────────────────────────────
    ..\test-results\activity-Activity-Tests-Qu-1e0e4-r-multiple-choice-questions-chromium-desktop-retry1\trace.zip
    Usage:

        npx playwright show-trace ..\test-results\activity-Activity-Tests-Qu-1e0e4-r-multiple-choice-questions-chromium-desktop-retry1\trace.zip

    ────────────────────────────────────────────────────────────────────────────────────────────────

    Retry #2 ───────────────────────────────────────────────────────────────────────────────────────

    TimeoutError: locator.waitFor: Timeout 5000ms exceeded.
    Call log:
      - waiting for locator('input[name="email"], input[type="email"]') to be visible


       at ..\helpers\test-utils.ts:29

      27 |   async waitForElement(selector: string, options?: { timeout?: number }): Promise<Locator> {
      28 |     const element = this.page.locator(selector);
    > 29 |     await element.waitFor({ state: 'visible', timeout: options?.timeout || 5000 });
         |                   ^
      30 |     return element;
      31 |   }
      32 |
        at TestUtils.waitForElement (C:\ADPorts\personal\play-learn-spark\e2e-tests\helpers\test-utils.ts:29:19)
        at TestUtils.safeFill (C:\ADPorts\personal\play-learn-spark\e2e-tests\helpers\test-utils.ts:56:32)
        at AuthPage.login (C:\ADPorts\personal\play-learn-spark\e2e-tests\pages\auth.page.ts:97:22)
        at C:\ADPorts\personal\play-learn-spark\e2e-tests\tests\activity.test.ts:19:20

    attachment #1: screenshot (image/png) ──────────────────────────────────────────────────────────
    ..\test-results\activity-Activity-Tests-Qu-1e0e4-r-multiple-choice-questions-chromium-desktop-retry2\test-failed-1.png
    ────────────────────────────────────────────────────────────────────────────────────────────────

    attachment #2: video (video/webm) ──────────────────────────────────────────────────────────────
    ..\test-results\activity-Activity-Tests-Qu-1e0e4-r-multiple-choice-questions-chromium-desktop-retry2\video.webm
    ────────────────────────────────────────────────────────────────────────────────────────────────

    Error Context: ..\test-results\activity-Activity-Tests-Qu-1e0e4-r-multiple-choice-questions-chromium-desktop-retry2\error-context.md
]]>
</failure>
<system-out>
<![CDATA[
[[ATTACHMENT|..\test-results\activity-Activity-Tests-Qu-1e0e4-r-multiple-choice-questions-chromium-desktop\test-failed-1.png]]

[[ATTACHMENT|..\test-results\activity-Activity-Tests-Qu-1e0e4-r-multiple-choice-questions-chromium-desktop\video.webm]]

[[ATTACHMENT|..\test-results\activity-Activity-Tests-Qu-1e0e4-r-multiple-choice-questions-chromium-desktop\error-context.md]]

[[ATTACHMENT|..\test-results\activity-Activity-Tests-Qu-1e0e4-r-multiple-choice-questions-chromium-desktop-retry1\test-failed-1.png]]

[[ATTACHMENT|..\test-results\activity-Activity-Tests-Qu-1e0e4-r-multiple-choice-questions-chromium-desktop-retry1\video.webm]]

[[ATTACHMENT|..\test-results\activity-Activity-Tests-Qu-1e0e4-r-multiple-choice-questions-chromium-desktop-retry1\error-context.md]]

[[ATTACHMENT|..\test-results\activity-Activity-Tests-Qu-1e0e4-r-multiple-choice-questions-chromium-desktop-retry1\trace.zip]]

[[ATTACHMENT|..\test-results\activity-Activity-Tests-Qu-1e0e4-r-multiple-choice-questions-chromium-desktop-retry2\test-failed-1.png]]

[[ATTACHMENT|..\test-results\activity-Activity-Tests-Qu-1e0e4-r-multiple-choice-questions-chromium-desktop-retry2\video.webm]]

[[ATTACHMENT|..\test-results\activity-Activity-Tests-Qu-1e0e4-r-multiple-choice-questions-chromium-desktop-retry2\error-context.md]]
]]>
</system-out>
</testcase>
<testcase name="Activity Tests › Question Answering › should answer multiple choice by text" classname="activity.test.ts" time="22.279">
<failure message="activity.test.ts:126:9 should answer multiple choice by text" type="FAILURE">
<![CDATA[  [chromium-desktop] › activity.test.ts:126:9 › Activity Tests › Question Answering › should answer multiple choice by text 

    TimeoutError: locator.waitFor: Timeout 5000ms exceeded.
    Call log:
      - waiting for locator('input[name="email"], input[type="email"]') to be visible


       at ..\helpers\test-utils.ts:29

      27 |   async waitForElement(selector: string, options?: { timeout?: number }): Promise<Locator> {
      28 |     const element = this.page.locator(selector);
    > 29 |     await element.waitFor({ state: 'visible', timeout: options?.timeout || 5000 });
         |                   ^
      30 |     return element;
      31 |   }
      32 |
        at TestUtils.waitForElement (C:\ADPorts\personal\play-learn-spark\e2e-tests\helpers\test-utils.ts:29:19)
        at TestUtils.safeFill (C:\ADPorts\personal\play-learn-spark\e2e-tests\helpers\test-utils.ts:56:32)
        at AuthPage.login (C:\ADPorts\personal\play-learn-spark\e2e-tests\pages\auth.page.ts:97:22)
        at C:\ADPorts\personal\play-learn-spark\e2e-tests\tests\activity.test.ts:19:20

    attachment #1: screenshot (image/png) ──────────────────────────────────────────────────────────
    ..\test-results\activity-Activity-Tests-Qu-4ac2e-wer-multiple-choice-by-text-chromium-desktop\test-failed-1.png
    ────────────────────────────────────────────────────────────────────────────────────────────────

    attachment #2: video (video/webm) ──────────────────────────────────────────────────────────────
    ..\test-results\activity-Activity-Tests-Qu-4ac2e-wer-multiple-choice-by-text-chromium-desktop\video.webm
    ────────────────────────────────────────────────────────────────────────────────────────────────

    Error Context: ..\test-results\activity-Activity-Tests-Qu-4ac2e-wer-multiple-choice-by-text-chromium-desktop\error-context.md

    Retry #1 ───────────────────────────────────────────────────────────────────────────────────────

    TimeoutError: locator.waitFor: Timeout 5000ms exceeded.
    Call log:
      - waiting for locator('input[name="email"], input[type="email"]') to be visible


       at ..\helpers\test-utils.ts:29

      27 |   async waitForElement(selector: string, options?: { timeout?: number }): Promise<Locator> {
      28 |     const element = this.page.locator(selector);
    > 29 |     await element.waitFor({ state: 'visible', timeout: options?.timeout || 5000 });
         |                   ^
      30 |     return element;
      31 |   }
      32 |
        at TestUtils.waitForElement (C:\ADPorts\personal\play-learn-spark\e2e-tests\helpers\test-utils.ts:29:19)
        at TestUtils.safeFill (C:\ADPorts\personal\play-learn-spark\e2e-tests\helpers\test-utils.ts:56:32)
        at AuthPage.login (C:\ADPorts\personal\play-learn-spark\e2e-tests\pages\auth.page.ts:97:22)
        at C:\ADPorts\personal\play-learn-spark\e2e-tests\tests\activity.test.ts:19:20

    attachment #1: screenshot (image/png) ──────────────────────────────────────────────────────────
    ..\test-results\activity-Activity-Tests-Qu-4ac2e-wer-multiple-choice-by-text-chromium-desktop-retry1\test-failed-1.png
    ────────────────────────────────────────────────────────────────────────────────────────────────

    attachment #2: video (video/webm) ──────────────────────────────────────────────────────────────
    ..\test-results\activity-Activity-Tests-Qu-4ac2e-wer-multiple-choice-by-text-chromium-desktop-retry1\video.webm
    ────────────────────────────────────────────────────────────────────────────────────────────────

    Error Context: ..\test-results\activity-Activity-Tests-Qu-4ac2e-wer-multiple-choice-by-text-chromium-desktop-retry1\error-context.md

    attachment #4: trace (application/zip) ─────────────────────────────────────────────────────────
    ..\test-results\activity-Activity-Tests-Qu-4ac2e-wer-multiple-choice-by-text-chromium-desktop-retry1\trace.zip
    Usage:

        npx playwright show-trace ..\test-results\activity-Activity-Tests-Qu-4ac2e-wer-multiple-choice-by-text-chromium-desktop-retry1\trace.zip

    ────────────────────────────────────────────────────────────────────────────────────────────────

    Retry #2 ───────────────────────────────────────────────────────────────────────────────────────

    TimeoutError: locator.waitFor: Timeout 5000ms exceeded.
    Call log:
      - waiting for locator('input[name="email"], input[type="email"]') to be visible


       at ..\helpers\test-utils.ts:29

      27 |   async waitForElement(selector: string, options?: { timeout?: number }): Promise<Locator> {
      28 |     const element = this.page.locator(selector);
    > 29 |     await element.waitFor({ state: 'visible', timeout: options?.timeout || 5000 });
         |                   ^
      30 |     return element;
      31 |   }
      32 |
        at TestUtils.waitForElement (C:\ADPorts\personal\play-learn-spark\e2e-tests\helpers\test-utils.ts:29:19)
        at TestUtils.safeFill (C:\ADPorts\personal\play-learn-spark\e2e-tests\helpers\test-utils.ts:56:32)
        at AuthPage.login (C:\ADPorts\personal\play-learn-spark\e2e-tests\pages\auth.page.ts:97:22)
        at C:\ADPorts\personal\play-learn-spark\e2e-tests\tests\activity.test.ts:19:20

    attachment #1: screenshot (image/png) ──────────────────────────────────────────────────────────
    ..\test-results\activity-Activity-Tests-Qu-4ac2e-wer-multiple-choice-by-text-chromium-desktop-retry2\test-failed-1.png
    ────────────────────────────────────────────────────────────────────────────────────────────────

    attachment #2: video (video/webm) ──────────────────────────────────────────────────────────────
    ..\test-results\activity-Activity-Tests-Qu-4ac2e-wer-multiple-choice-by-text-chromium-desktop-retry2\video.webm
    ────────────────────────────────────────────────────────────────────────────────────────────────

    Error Context: ..\test-results\activity-Activity-Tests-Qu-4ac2e-wer-multiple-choice-by-text-chromium-desktop-retry2\error-context.md
]]>
</failure>
<system-out>
<![CDATA[
[[ATTACHMENT|..\test-results\activity-Activity-Tests-Qu-4ac2e-wer-multiple-choice-by-text-chromium-desktop\test-failed-1.png]]

[[ATTACHMENT|..\test-results\activity-Activity-Tests-Qu-4ac2e-wer-multiple-choice-by-text-chromium-desktop\video.webm]]

[[ATTACHMENT|..\test-results\activity-Activity-Tests-Qu-4ac2e-wer-multiple-choice-by-text-chromium-desktop\error-context.md]]

[[ATTACHMENT|..\test-results\activity-Activity-Tests-Qu-4ac2e-wer-multiple-choice-by-text-chromium-desktop-retry1\test-failed-1.png]]

[[ATTACHMENT|..\test-results\activity-Activity-Tests-Qu-4ac2e-wer-multiple-choice-by-text-chromium-desktop-retry1\video.webm]]

[[ATTACHMENT|..\test-results\activity-Activity-Tests-Qu-4ac2e-wer-multiple-choice-by-text-chromium-desktop-retry1\error-context.md]]

[[ATTACHMENT|..\test-results\activity-Activity-Tests-Qu-4ac2e-wer-multiple-choice-by-text-chromium-desktop-retry1\trace.zip]]

[[ATTACHMENT|..\test-results\activity-Activity-Tests-Qu-4ac2e-wer-multiple-choice-by-text-chromium-desktop-retry2\test-failed-1.png]]

[[ATTACHMENT|..\test-results\activity-Activity-Tests-Qu-4ac2e-wer-multiple-choice-by-text-chromium-desktop-retry2\video.webm]]

[[ATTACHMENT|..\test-results\activity-Activity-Tests-Qu-4ac2e-wer-multiple-choice-by-text-chromium-desktop-retry2\error-context.md]]
]]>
</system-out>
</testcase>
<testcase name="Activity Tests › Question Answering › should handle text input answers" classname="activity.test.ts" time="23.133">
<failure message="activity.test.ts:143:9 should handle text input answers" type="FAILURE">
<![CDATA[  [chromium-desktop] › activity.test.ts:143:9 › Activity Tests › Question Answering › should handle text input answers 

    TimeoutError: locator.waitFor: Timeout 5000ms exceeded.
    Call log:
      - waiting for locator('input[name="email"], input[type="email"]') to be visible


       at ..\helpers\test-utils.ts:29

      27 |   async waitForElement(selector: string, options?: { timeout?: number }): Promise<Locator> {
      28 |     const element = this.page.locator(selector);
    > 29 |     await element.waitFor({ state: 'visible', timeout: options?.timeout || 5000 });
         |                   ^
      30 |     return element;
      31 |   }
      32 |
        at TestUtils.waitForElement (C:\ADPorts\personal\play-learn-spark\e2e-tests\helpers\test-utils.ts:29:19)
        at TestUtils.safeFill (C:\ADPorts\personal\play-learn-spark\e2e-tests\helpers\test-utils.ts:56:32)
        at AuthPage.login (C:\ADPorts\personal\play-learn-spark\e2e-tests\pages\auth.page.ts:97:22)
        at C:\ADPorts\personal\play-learn-spark\e2e-tests\tests\activity.test.ts:19:20

    attachment #1: screenshot (image/png) ──────────────────────────────────────────────────────────
    ..\test-results\activity-Activity-Tests-Qu-da7c5-d-handle-text-input-answers-chromium-desktop\test-failed-1.png
    ────────────────────────────────────────────────────────────────────────────────────────────────

    attachment #2: video (video/webm) ──────────────────────────────────────────────────────────────
    ..\test-results\activity-Activity-Tests-Qu-da7c5-d-handle-text-input-answers-chromium-desktop\video.webm
    ────────────────────────────────────────────────────────────────────────────────────────────────

    Error Context: ..\test-results\activity-Activity-Tests-Qu-da7c5-d-handle-text-input-answers-chromium-desktop\error-context.md

    Retry #1 ───────────────────────────────────────────────────────────────────────────────────────

    TimeoutError: locator.waitFor: Timeout 5000ms exceeded.
    Call log:
      - waiting for locator('input[name="email"], input[type="email"]') to be visible


       at ..\helpers\test-utils.ts:29

      27 |   async waitForElement(selector: string, options?: { timeout?: number }): Promise<Locator> {
      28 |     const element = this.page.locator(selector);
    > 29 |     await element.waitFor({ state: 'visible', timeout: options?.timeout || 5000 });
         |                   ^
      30 |     return element;
      31 |   }
      32 |
        at TestUtils.waitForElement (C:\ADPorts\personal\play-learn-spark\e2e-tests\helpers\test-utils.ts:29:19)
        at TestUtils.safeFill (C:\ADPorts\personal\play-learn-spark\e2e-tests\helpers\test-utils.ts:56:32)
        at AuthPage.login (C:\ADPorts\personal\play-learn-spark\e2e-tests\pages\auth.page.ts:97:22)
        at C:\ADPorts\personal\play-learn-spark\e2e-tests\tests\activity.test.ts:19:20

    attachment #1: screenshot (image/png) ──────────────────────────────────────────────────────────
    ..\test-results\activity-Activity-Tests-Qu-da7c5-d-handle-text-input-answers-chromium-desktop-retry1\test-failed-1.png
    ────────────────────────────────────────────────────────────────────────────────────────────────

[...]
<skipped>
</skipped>
</testcase>
<testcase name="Authentication Tests › User Registration › should show validation errors for invalid email" classname="auth.test.ts" time="0">
<skipped>
</skipped>
</testcase>
<testcase name="Authentication Tests › User Registration › should show validation errors for weak password" classname="auth.test.ts" time="0">
<skipped>
</skipped>
</testcase>
<testcase name="Authentication Tests › User Registration › should prevent registration with existing email" classname="auth.test.ts" time="0">
<skipped>
</skipped>
</testcase>
<testcase name="Authentication Tests › User Registration › should validate required fields on empty submission" classname="auth.test.ts" time="0">
<skipped>
</skipped>
</testcase>
<testcase name="Authentication Tests › User Login › should successfully login with valid parent credentials" classname="auth.test.ts" time="0">
<skipped>
</skipped>
</testcase>
<testcase name="Authentication Tests › User Login › should successfully login with valid teacher credentials" classname="auth.test.ts" time="0">
<skipped>
</skipped>
</testcase>
<testcase name="Authentication Tests › User Login › should successfully login with valid student credentials" classname="auth.test.ts" time="0">
<skipped>
</skipped>
</testcase>
<testcase name="Authentication Tests › User Login › should show error for invalid credentials" classname="auth.test.ts" time="0">
<skipped>
</skipped>
</testcase>
<testcase name="Authentication Tests › User Login › should show error for non-existent email" classname="auth.test.ts" time="0">
<skipped>
</skipped>
</testcase>
<testcase name="Authentication Tests › User Login › should show validation errors for empty fields" classname="auth.test.ts" time="0">
<skipped>
</skipped>
</testcase>
<testcase name="Authentication Tests › User Login › should handle login rate limiting" classname="auth.test.ts" time="0">
<skipped>
</skipped>
</testcase>
<testcase name="Authentication Tests › Guest Login › should allow guest user to access the application" classname="auth.test.ts" time="0">
<skipped>
</skipped>
</testcase>
<testcase name="Authentication Tests › Guest Login › should restrict guest user functionality" classname="auth.test.ts" time="0">
<skipped>
</skipped>
</testcase>
<testcase name="Authentication Tests › Form Switching › should switch from login to register form" classname="auth.test.ts" time="0">
<skipped>
</skipped>
</testcase>
<testcase name="Authentication Tests › Form Switching › should switch from register to login form" classname="auth.test.ts" time="0">
<skipped>
</skipped>
</testcase>
<testcase name="Authentication Tests › Form Switching › should preserve form data when switching back and forth" classname="auth.test.ts" time="0">
<skipped>
</skipped>
</testcase>
<testcase name="Authentication Tests › Password Functionality › should toggle password visibility" classname="auth.test.ts" time="0">
<skipped>
</skipped>
</testcase>
<testcase name="Authentication Tests › Password Functionality › should validate password strength on registration" classname="auth.test.ts" time="0">
<skipped>
</skipped>
</testcase>
<testcase name="Authentication Tests › Password Functionality › should handle forgot password functionality" classname="auth.test.ts" time="0">
<skipped>
</skipped>
</testcase>
<testcase name="Authentication Tests › Session Management › should maintain session across page refresh" classname="auth.test.ts" time="0">
<skipped>
</skipped>
</testcase>
<testcase name="Authentication Tests › Session Management › should logout and redirect to login page" classname="auth.test.ts" time="0">
<skipped>
</skipped>
</testcase>
<testcase name="Authentication Tests › Session Management › should handle session expiry" classname="auth.test.ts" time="0">
<skipped>
</skipped>
</testcase>
<testcase name="Authentication Tests › Security Features › should sanitize input to prevent XSS" classname="auth.test.ts" time="0">
<skipped>
</skipped>
</testcase>
<testcase name="Authentication Tests › Security Features › should protect against SQL injection in login" classname="auth.test.ts" time="0">
<skipped>
</skipped>
</testcase>
<testcase name="Authentication Tests › Security Features › should enforce HTTPS in production environment" classname="auth.test.ts" time="0">
<skipped>
</skipped>
</testcase>
<testcase name="Authentication Tests › Accessibility › should have proper form labels and ARIA attributes" classname="auth.test.ts" time="0">
<skipped>
</skipped>
</testcase>
<testcase name="Authentication Tests › Accessibility › should support keyboard navigation" classname="auth.test.ts" time="0">
<skipped>
</skipped>
</testcase>
<testcase name="Authentication Tests › Accessibility › should have sufficient color contrast" classname="auth.test.ts" time="0">
<skipped>
</skipped>
</testcase>
</testsuite>
<testsuite name="basic.test.ts" timestamp="2025-11-24T18:22:49.400Z" hostname="chromium-mobile" tests="1" failures="0" skipped="1" time="0" errors="0">
<testcase name="basic test" classname="basic.test.ts" time="0">
<skipped>
</skipped>
</testcase>
</testsuite>
<testsuite name="dashboard.test.ts" timestamp="2025-11-24T18:22:49.400Z" hostname="chromium-mobile" tests="41" failures="0" skipped="41" time="0" errors="0">
<testcase name="Dashboard Tests › Dashboard Access and Layout › should display parent dashboard correctly" classname="dashboard.test.ts" time="0">
<skipped>
</skipped>
</testcase>
<testcase name="Dashboard Tests › Dashboard Access and Layout › should display teacher dashboard correctly" classname="dashboard.test.ts" time="0">
<skipped>
</skipped>
</testcase>
<testcase name="Dashboard Tests › Dashboard Access and Layout › should display student dashboard correctly" classname="dashboard.test.ts" time="0">
<skipped>
</skipped>
</testcase>
<testcase name="Dashboard Tests › Dashboard Access and Layout › should display guest dashboard with limited features" classname="dashboard.test.ts" time="0">
<skipped>
</skipped>
</testcase>
<testcase name="Dashboard Tests › Navigation and Menu Functionality › should navigate to profile page" classname="dashboard.test.ts" time="0">
<skipped>
</skipped>
</testcase>
<testcase name="Dashboard Tests › Navigation and Menu Functionality › should navigate to settings page" classname="dashboard.test.ts" time="0">
<skipped>
</skipped>
</testcase>
<testcase name="Dashboard Tests › Navigation and Menu Functionality › should toggle mobile menu on small screens" classname="dashboard.test.ts" time="0">
<skipped>
</skipped>
</testcase>
<testcase name="Dashboard Tests › Navigation and Menu Functionality › should logout successfully" classname="dashboard.test.ts" time="0">
<skipped>
</skipped>
</testcase>
<testcase name="Dashboard Tests › Navigation and Menu Functionality › should open notifications panel" classname="dashboard.test.ts" time="0">
<skipped>
</skipped>
</testcase>
<testcase name="Dashboard Tests › Activity Management › should display available activities" classname="dashboard.test.ts" time="0">
<skipped>
</skipped>
</testcase>
<testcase name="Dashboard Tests › Activity Management › should filter activities by type" classname="dashboard.test.ts" time="0">
<skipped>
</skipped>
</testcase>
<testcase name="Dashboard Tests › Activity Management › should filter activities by difficulty" classname="dashboard.test.ts" time="0">
<skipped>
</skipped>
</testcase>
<testcase name="Dashboard Tests › Activity Management › should search for activities" classname="dashboard.test.ts" time="0">
<skipped>
</skipped>
</testcase>
<testcase name="Dashboard Tests › Activity Management › should start new activity" classname="dashboard.test.ts" time="0">
<skipped>
</skipped>
</testcase>
<testcase name="Dashboard Tests › Activity Management › should continue last activity if available" classname="dashboard.test.ts" time="0">
<skipped>
</skipped>
</testcase>
<testcase name="Dashboard Tests › Activity Management › should click on specific activity card" classname="dashboard.test.ts" time="0">
<skipped>
</skipped>
</testcase>
<testcase name="Dashboard Tests › Progress and Statistics › should display progress statistics" classname="dashboard.test.ts" time="0">
<skipped>
</skipped>
</testcase>
<testcase name="Dashboard Tests › Progress and Statistics › should show current streak" classname="dashboard.test.ts" time="0">
<skipped>
</skipped>
</testcase>
<testcase name="Dashboard Tests › Progress and Statistics › should display achievement badges" classname="dashboard.test.ts" time="0">
<skipped>
</skipped>
</testcase>
<testcase name="Dashboard Tests › Progress and Statistics › should navigate to progress section" classname="dashboard.test.ts" time="0">
<skipped>
</skipped>
</testcase>
<testcase name="Dashboard Tests › Parent Dashboard Features › should display children section" classname="dashboard.test.ts" time="0">
<skipped>
</skipped>
</testcase>
<testcase name="Dashboard Tests › Parent Dashboard Features › should add a new child" classname="dashboard.test.ts" time="0">
<skipped>
</skipped>
</testcase>
<testcase name="Dashboard Tests › Parent Dashboard Features › should select and view child progress" classname="dashboard.test.ts" time="0">
<skipped>
</skipped>
</testcase>
<testcase name="Dashboard Tests › Parent Dashboard Features › should view all children progress" classname="dashboard.test.ts" time="0">
<skipped>
</skipped>
</testcase>
<testcase name="Dashboard Tests › Teacher Dashboard Features › should display classroom section" classname="dashboard.test.ts" time="0">
<skipped>
</skipped>
</testcase>
<testcase name="Dashboard Tests › Teacher Dashboard Features › should view students list" classname="dashboard.test.ts" time="0">
<skipped>
</skipped>
</testcase>
<testcase name="Dashboard Tests › Teacher Dashboard Features › should assign activity to student" classname="dashboard.test.ts" time="0">
<skipped>
</skipped>
</testcase>
<testcase name="Dashboard Tests › Teacher Dashboard Features › should open grade book" classname="dashboard.test.ts" time="0">
<skipped>
</skipped>
</testcase>
<testcase name="Dashboard Tests › Teacher Dashboard Features › should view classroom analytics" classname="dashboard.test.ts" time="0">
<skipped>
</skipped>
</testcase>
<testcase name="Dashboard Tests › Responsive Design › should adapt to mobile viewport" classname="dashboard.test.ts" time="0">
<skipped>
</skipped>
</testcase>
<testcase name="Dashboard Tests › Responsive Design › should adapt to tablet viewport" classname="dashboard.test.ts" time="0">
<skipped>
</skipped>
</testcase>
<testcase name="Dashboard Tests › Responsive Design › should work well on desktop viewport" classname="dashboard.test.ts" time="0">
<skipped>
</skipped>
</testcase>
<testcase name="Dashboard Tests › Performance and Loading › should load dashboard within acceptable time" classname="dashboard.test.ts" time="0">
<skipped>
</skipped>
</testcase>
<testcase name="Dashboard Tests › Performance and Loading › should handle slow network conditions" classname="dashboard.test.ts" time="0">
<skipped>
</skipped>
</testcase>
<testcase name="Dashboard Tests › Performance and Loading › should show loading states appropriately" classname="dashboard.test.ts" time="0">
<skipped>
</skipped>
</testcase>
<testcase name="Dashboard Tests › Error Handling › should handle network errors gracefully" classname="dashboard.test.ts" time="0">
<skipped>
</skipped>
</testcase>
<testcase name="Dashboard Tests › Error Handling › should handle API errors gracefully" classname="dashboard.test.ts" time="0">
<skipped>
</skipped>
</testcase>
<testcase name="Dashboard Tests › Error Handling › should handle unauthorized access" classname="dashboard.test.ts" time="0">
<skipped>
</skipped>
</testcase>
<testcase name="Dashboard Tests › Accessibility › should support keyboard navigation" classname="dashboard.test.ts" time="0">
<skipped>
</skipped>
</testcase>
<testcase name="Dashboard Tests › Accessibility › should have proper ARIA labels" classname="dashboard.test.ts" time="0">
<skipped>
</skipped>
</testcase>
<testcase name="Dashboard Tests › Accessibility › should have sufficient color contrast" classname="dashboard.test.ts" time="0">
<skipped>
</skipped>
</testcase>
</testsuite>
<testsuite name="navigation.test.ts" timestamp="2025-11-24T18:22:49.400Z" hostname="chromium-mobile" tests="43" failures="0" skipped="43" time="0" errors="0">
<testcase name="Navigation Tests › Header Navigation › should display header navigation correctly" classname="navigation.test.ts" time="0">
<skipped>
</skipped>
</testcase>
<testcase name="Navigation Tests › Header Navigation › should navigate to dashboard via logo click" classname="navigation.test.ts" time="0">
<skipped>
</skipped>
</testcase>
<testcase name="Navigation Tests › Header Navigation › should navigate to activities page" classname="navigation.test.ts" time="0">
<skipped>
</skipped>
</testcase>
<testcase name="Navigation Tests › Header Navigation › should navigate to progress page" classname="navigation.test.ts" time="0">
<skipped>
</skipped>
</testcase>
<testcase name="Navigation Tests › Header Navigation › should navigate to profile page" classname="navigation.test.ts" time="0">
<skipped>
</skipped>
</testcase>
<testcase name="Navigation Tests › Header Navigation › should navigate to settings page" classname="navigation.test.ts" time="0">
<skipped>
</skipped>
</testcase>
<testcase name="Navigation Tests › Activity Category Navigation › should navigate to language activities" classname="navigation.test.ts" time="0">
<skipped>
</skipped>
</testcase>
<testcase name="Navigation Tests › Activity Category Navigation › should navigate to math activities" classname="navigation.test.ts" time="0">
<skipped>
</skipped>
</testcase>
<testcase name="Navigation Tests › Activity Category Navigation › should navigate to science activities" classname="navigation.test.ts" time="0">
<skipped>
</skipped>
</testcase>
<testcase name="Navigation Tests › Activity Category Navigation › should navigate to reading activities" classname="navigation.test.ts" time="0">
<skipped>
</skipped>
</testcase>
<testcase name="Navigation Tests › User Menu Navigation › should open and close user menu" classname="navigation.test.ts" time="0">
<skipped>
</skipped>
</testcase>
<testcase name="Navigation Tests › User Menu Navigation › should navigate to profile via user menu" classname="navigation.test.ts" time="0">
<skipped>
</skipped>
</testcase>
<testcase name="Navigation Tests › User Menu Navigation › should navigate to settings via user menu" classname="navigation.test.ts" time="0">
<skipped>
</skipped>
</testcase>
<testcase name="Navigation Tests › User Menu Navigation › should logout via user menu" classname="navigation.test.ts" time="0">
<skipped>
</skipped>
</testcase>
<testcase name="Navigation Tests › User Menu Navigation › should navigate to notifications via user menu" classname="navigation.test.ts" time="0">
<skipped>
</skipped>
</testcase>
<testcase name="Navigation Tests › Mobile Navigation › should display mobile menu toggle on small screens" classname="navigation.test.ts" time="0">
<skipped>
</skipped>
</testcase>
<testcase name="Navigation Tests › Mobile Navigation › should toggle mobile menu" classname="navigation.test.ts" time="0">
<skipped>
</skipped>
</testcase>
<testcase name="Navigation Tests › Mobile Navigation › should navigate via mobile menu" classname="navigation.test.ts" time="0">
<skipped>
</skipped>
</testcase>
<testcase name="Navigation Tests › Mobile Navigation › should close mobile menu after navigation" classname="navigation.test.ts" time="0">
<skipped>
</skipped>
</testcase>
<testcase name="Navigation Tests › Breadcrumb Navigation › should display breadcrumbs on nested pages" classname="navigation.test.ts" time="0">
<skipped>
</skipped>
</testcase>
<testcase name="Navigation Tests › Breadcrumb Navigation › should navigate via breadcrumb links" classname="navigation.test.ts" time="0">
<skipped>
</skipped>
</testcase>
<testcase name="Navigation Tests › Breadcrumb Navigation › should show current page in breadcrumb" classname="navigation.test.ts" time="0">
<skipped>
</skipped>
</testcase>
<testcase name="Navigation Tests › Sidebar Navigation › should toggle sidebar if present" classname="navigation.test.ts" time="0">
<skipped>
</skipped>
</testcase>
<testcase name="Navigation Tests › Sidebar Navigation › should navigate via sidebar menu" classname="navigation.test.ts" time="0">
<skipped>
</skipped>
</testcase>
<testcase name="Navigation Tests › Search Navigation › should perform search if search functionality exists" classname="navigation.test.ts" time="0">
<skipped>
</skipped>
</testcase>
<testcase name="Navigation Tests › Search Navigation › should handle empty search gracefully" classname="navigation.test.ts" time="0">
<skipped>
</skipped>
</testcase>
<testcase name="Navigation Tests › Responsive Navigation Behavior › should adapt navigation for different screen sizes" classname="navigation.test.ts" time="0">
<skipped>
</skipped>
</testcase>
<testcase name="Navigation Tests › Responsive Navigation Behavior › should show/hide navigation elements based on screen size" classname="navigation.test.ts" time="0">
<skipped>
</skipped>
</testcase>
<testcase name="Navigation Tests › Responsive Navigation Behavior › should maintain functionality across viewport changes" classname="navigation.test.ts" time="0">
<skipped>
</skipped>
</testcase>
<testcase name="Navigation Tests › Navigation Link Validation › should have working navigation links" classname="navigation.test.ts" time="0">
<skipped>
</skipped>
</testcase>
<testcase name="Navigation Tests › Navigation Link Validation › should get all available navigation links" classname="navigation.test.ts" time="0">
<skipped>
</skipped>
</testcase>
<testcase name="Navigation Tests › Navigation Link Validation › should handle external links appropriately" classname="navigation.test.ts" time="0">
<skipped>
</skipped>
</testcase>
<testcase name="Navigation Tests › Navigation Accessibility › should have proper ARIA labels and roles" classname="navigation.test.ts" time="0">
<skipped>
</skipped>
</testcase>
<testcase name="Navigation Tests › Navigation Accessibility › should support keyboard navigation" classname="navigation.test.ts" time="0">
<skipped>
</skipped>
</testcase>
<testcase name="Navigation Tests › Navigation Accessibility › should have focus indicators" classname="navigation.test.ts" time="0">
<skipped>
</skipped>
</testcase>
<testcase name="Navigation Tests › Navigation Accessibility › should have meaningful link text" classname="navigation.test.ts" time="0">
<skipped>
</skipped>
</testcase>
<testcase name="Navigation Tests › Navigation Accessibility › should support screen readers" classname="navigation.test.ts" time="0">
<skipped>
</skipped>
</testcase>
<testcase name="Navigation Tests › Navigation Performance › should navigate quickly between pages" classname="navigation.test.ts" time="0">
<skipped>
</skipped>
</testcase>
<testcase name="Navigation Tests › Navigation Performance › should handle rapid navigation clicks" classname="navigation.test.ts" time="0">
<skipped>
</skipped>
</testcase>
<testcase name="Navigation Tests › Navigation Performance › should maintain navigation state during page loads" classname="navigation.test.ts" time="0">
<skipped>
</skipped>
</testcase>
<testcase name="Navigation Tests › Navigation Error Handling › should handle navigation to non-existent pages" classname="navigation.test.ts" time="0">
<skipped>
</skipped>
</testcase>
<testcase name="Navigation Tests › Navigation Error Handling › should maintain navigation during network issues" classname="navigation.test.ts" time="0">
<skipped>
</skipped>
</testcase>
<testcase name="Navigation Tests › Navigation Error Handling › should recover from navigation errors" classname="navigation.test.ts" time="0">
<skipped>
</skipped>
</testcase>
</testsuite>
</testsuites>